{"C:\\Users\\senth\\Downloads\\SLW\\src\\js\\app.js": {"path":"C:\\Users\\senth\\Downloads\\SLW\\src\\js\\app.js","statementMap":{"0":{"start":{"line":2,"column":0},"end":{"line":48,"column":3}},"1":{"start":{"line":4,"column":2},"end":{"line":4,"column":19}},"2":{"start":{"line":7,"column":2},"end":{"line":7,"column":14}},"3":{"start":{"line":10,"column":2},"end":{"line":10,"column":80}},"4":{"start":{"line":13,"column":2},"end":{"line":20,"column":5}},"5":{"start":{"line":14,"column":4},"end":{"line":19,"column":7}},"6":{"start":{"line":15,"column":21},"end":{"line":15,"column":40}},"7":{"start":{"line":16,"column":6},"end":{"line":18,"column":1}},"8":{"start":{"line":17,"column":0},"end":{"line":17,"column":21}},"9":{"start":{"line":23,"column":2},"end":{"line":26,"column":5}},"10":{"start":{"line":24,"column":4},"end":{"line":24,"column":64}},"11":{"start":{"line":25,"column":4},"end":{"line":25,"column":66}},"12":{"start":{"line":28,"column":2},"end":{"line":31,"column":5}},"13":{"start":{"line":29,"column":4},"end":{"line":29,"column":64}},"14":{"start":{"line":30,"column":4},"end":{"line":30,"column":66}},"15":{"start":{"line":34,"column":2},"end":{"line":36,"column":5}},"16":{"start":{"line":35,"column":4},"end":{"line":35,"column":76}},"17":{"start":{"line":39,"column":2},"end":{"line":41,"column":5}},"18":{"start":{"line":40,"column":4},"end":{"line":40,"column":32}},"19":{"start":{"line":44,"column":2},"end":{"line":44,"column":17}},"20":{"start":{"line":45,"column":2},"end":{"line":45,"column":21}},"21":{"start":{"line":46,"column":2},"end":{"line":46,"column":21}},"22":{"start":{"line":47,"column":2},"end":{"line":47,"column":23}},"23":{"start":{"line":51,"column":18},"end":{"line":51,"column":49}},"24":{"start":{"line":52,"column":2},"end":{"line":52,"column":74}}},"fnMap":{"0":{"name":"(anonymous_0)","decl":{"start":{"line":2,"column":46},"end":{"line":2,"column":47}},"loc":{"start":{"line":2,"column":52},"end":{"line":48,"column":1}},"line":2},"1":{"name":"(anonymous_1)","decl":{"start":{"line":13,"column":67},"end":{"line":13,"column":68}},"loc":{"start":{"line":13,"column":77},"end":{"line":20,"column":3}},"line":13},"2":{"name":"(anonymous_2)","decl":{"start":{"line":14,"column":35},"end":{"line":14,"column":36}},"loc":{"start":{"line":14,"column":41},"end":{"line":19,"column":5}},"line":14},"3":{"name":"(anonymous_3)","decl":{"start":{"line":23,"column":66},"end":{"line":23,"column":67}},"loc":{"start":{"line":23,"column":72},"end":{"line":26,"column":3}},"line":23},"4":{"name":"(anonymous_4)","decl":{"start":{"line":28,"column":63},"end":{"line":28,"column":64}},"loc":{"start":{"line":28,"column":69},"end":{"line":31,"column":3}},"line":28},"5":{"name":"(anonymous_5)","decl":{"start":{"line":34,"column":71},"end":{"line":34,"column":72}},"loc":{"start":{"line":34,"column":77},"end":{"line":36,"column":3}},"line":34},"6":{"name":"(anonymous_6)","decl":{"start":{"line":39,"column":69},"end":{"line":39,"column":70}},"loc":{"start":{"line":39,"column":75},"end":{"line":41,"column":3}},"line":39},"7":{"name":"getQuarterStartDate","decl":{"start":{"line":50,"column":9},"end":{"line":50,"column":28}},"loc":{"start":{"line":50,"column":48},"end":{"line":53,"column":1}},"line":50}},"branchMap":{"0":{"loc":{"start":{"line":16,"column":6},"end":{"line":18,"column":1}},"type":"if","locations":[{"start":{"line":16,"column":6},"end":{"line":18,"column":1}},{"start":{},"end":{}}],"line":16},"1":{"loc":{"start":{"line":50,"column":29},"end":{"line":50,"column":46}},"type":"default-arg","locations":[{"start":{"line":50,"column":36},"end":{"line":50,"column":46}}],"line":50}},"s":{"0":0,"1":0,"2":0,"3":0,"4":0,"5":0,"6":0,"7":0,"8":0,"9":0,"10":0,"11":0,"12":0,"13":0,"14":0,"15":0,"16":0,"17":0,"18":0,"19":0,"20":0,"21":0,"22":0,"23":0,"24":0},"f":{"0":0,"1":0,"2":0,"3":0,"4":0,"5":0,"6":0,"7":0},"b":{"0":[0,0],"1":[0]}}
,"C:\\Users\\senth\\Downloads\\SLW\\src\\js\\customers.js": {"path":"C:\\Users\\senth\\Downloads\\SLW\\src\\js\\customers.js","statementMap":{"0":{"start":{"line":3,"column":23},"end":{"line":3,"column":80}},"1":{"start":{"line":4,"column":20},"end":{"line":4,"column":94}},"2":{"start":{"line":4,"column":50},"end":{"line":4,"column":92}},"3":{"start":{"line":5,"column":16},"end":{"line":5,"column":60}},"4":{"start":{"line":7,"column":2},"end":{"line":33,"column":14}},"5":{"start":{"line":9,"column":24},"end":{"line":9,"column":71}},"6":{"start":{"line":10,"column":22},"end":{"line":10,"column":52}},"7":{"start":{"line":11,"column":25},"end":{"line":11,"column":45}},"8":{"start":{"line":13,"column":6},"end":{"line":31,"column":6}},"9":{"start":{"line":35,"column":2},"end":{"line":35,"column":28}}},"fnMap":{"0":{"name":"refreshCustomerList","decl":{"start":{"line":2,"column":9},"end":{"line":2,"column":28}},"loc":{"start":{"line":2,"column":31},"end":{"line":36,"column":1}},"line":2},"1":{"name":"(anonymous_1)","decl":{"start":{"line":4,"column":42},"end":{"line":4,"column":43}},"loc":{"start":{"line":4,"column":50},"end":{"line":4,"column":92}},"line":4},"2":{"name":"(anonymous_2)","decl":{"start":{"line":8,"column":9},"end":{"line":8,"column":10}},"loc":{"start":{"line":8,"column":16},"end":{"line":32,"column":5}},"line":8}},"branchMap":{"0":{"loc":{"start":{"line":4,"column":50},"end":{"line":4,"column":92}},"type":"cond-expr","locations":[{"start":{"line":4,"column":65},"end":{"line":4,"column":69}},{"start":{"line":4,"column":72},"end":{"line":4,"column":92}}],"line":4},"1":{"loc":{"start":{"line":14,"column":19},"end":{"line":14,"column":57}},"type":"cond-expr","locations":[{"start":{"line":14,"column":32},"end":{"line":14,"column":52}},{"start":{"line":14,"column":55},"end":{"line":14,"column":57}}],"line":14},"2":{"loc":{"start":{"line":16,"column":14},"end":{"line":16,"column":32}},"type":"binary-expr","locations":[{"start":{"line":16,"column":14},"end":{"line":16,"column":25}},{"start":{"line":16,"column":29},"end":{"line":16,"column":32}}],"line":16},"3":{"loc":{"start":{"line":18,"column":14},"end":{"line":18,"column":83}},"type":"cond-expr","locations":[{"start":{"line":18,"column":32},"end":{"line":18,"column":77}},{"start":{"line":18,"column":80},"end":{"line":18,"column":83}}],"line":18},"4":{"loc":{"start":{"line":19,"column":14},"end":{"line":19,"column":78}},"type":"cond-expr","locations":[{"start":{"line":19,"column":29},"end":{"line":19,"column":72}},{"start":{"line":19,"column":75},"end":{"line":19,"column":78}}],"line":19},"5":{"loc":{"start":{"line":20,"column":14},"end":{"line":20,"column":124}},"type":"cond-expr","locations":[{"start":{"line":20,"column":27},"end":{"line":20,"column":74}},{"start":{"line":20,"column":77},"end":{"line":20,"column":124}}],"line":20},"6":{"loc":{"start":{"line":21,"column":55},"end":{"line":21,"column":111}},"type":"cond-expr","locations":[{"start":{"line":21,"column":69},"end":{"line":21,"column":79}},{"start":{"line":21,"column":82},"end":{"line":21,"column":111}}],"line":21},"7":{"loc":{"start":{"line":21,"column":82},"end":{"line":21,"column":111}},"type":"cond-expr","locations":[{"start":{"line":21,"column":96},"end":{"line":21,"column":106}},{"start":{"line":21,"column":109},"end":{"line":21,"column":111}}],"line":21},"8":{"loc":{"start":{"line":25,"column":69},"end":{"line":25,"column":130}},"type":"cond-expr","locations":[{"start":{"line":25,"column":82},"end":{"line":25,"column":105}},{"start":{"line":25,"column":108},"end":{"line":25,"column":130}}],"line":25},"9":{"loc":{"start":{"line":26,"column":16},"end":{"line":26,"column":49}},"type":"cond-expr","locations":[{"start":{"line":26,"column":29},"end":{"line":26,"column":38}},{"start":{"line":26,"column":41},"end":{"line":26,"column":49}}],"line":26}},"s":{"0":0,"1":0,"2":0,"3":0,"4":0,"5":0,"6":0,"7":0,"8":0,"9":0},"f":{"0":0,"1":0,"2":0},"b":{"0":[0,0],"1":[0,0],"2":[0,0],"3":[0,0],"4":[0,0],"5":[0,0],"6":[0,0],"7":[0,0],"8":[0,0],"9":[0,0]}}
,"C:\\Users\\senth\\Downloads\\SLW\\src\\js\\dashboard.js": {"path":"C:\\Users\\senth\\Downloads\\SLW\\src\\js\\dashboard.js","statementMap":{"0":{"start":{"line":3,"column":15},"end":{"line":3,"column":67}},"1":{"start":{"line":3,"column":39},"end":{"line":3,"column":66}},"2":{"start":{"line":4,"column":19},"end":{"line":4,"column":75}},"3":{"start":{"line":4,"column":47},"end":{"line":4,"column":74}},"4":{"start":{"line":6,"column":19},"end":{"line":6,"column":70}},"5":{"start":{"line":6,"column":43},"end":{"line":6,"column":66}},"6":{"start":{"line":7,"column":28},"end":{"line":7,"column":81}},"7":{"start":{"line":7,"column":52},"end":{"line":7,"column":77}},"8":{"start":{"line":8,"column":20},"end":{"line":8,"column":66}},"9":{"start":{"line":8,"column":48},"end":{"line":8,"column":62}},"10":{"start":{"line":10,"column":2},"end":{"line":10,"column":50}},"11":{"start":{"line":14,"column":15},"end":{"line":14,"column":67}},"12":{"start":{"line":14,"column":39},"end":{"line":14,"column":66}},"13":{"start":{"line":15,"column":19},"end":{"line":15,"column":75}},"14":{"start":{"line":15,"column":47},"end":{"line":15,"column":74}},"15":{"start":{"line":17,"column":19},"end":{"line":17,"column":21}},"16":{"start":{"line":20,"column":2},"end":{"line":36,"column":5}},"17":{"start":{"line":21,"column":21},"end":{"line":21,"column":45}},"18":{"start":{"line":22,"column":4},"end":{"line":32,"column":5}},"19":{"start":{"line":23,"column":6},"end":{"line":31,"column":8}},"20":{"start":{"line":33,"column":4},"end":{"line":33,"column":55}},"21":{"start":{"line":34,"column":4},"end":{"line":34,"column":61}},"22":{"start":{"line":35,"column":4},"end":{"line":35,"column":38}},"23":{"start":{"line":39,"column":2},"end":{"line":54,"column":5}},"24":{"start":{"line":40,"column":22},"end":{"line":40,"column":24}},"25":{"start":{"line":41,"column":4},"end":{"line":49,"column":5}},"26":{"start":{"line":42,"column":6},"end":{"line":42,"column":44}},"27":{"start":{"line":43,"column":11},"end":{"line":49,"column":5}},"28":{"start":{"line":44,"column":6},"end":{"line":44,"column":59}},"29":{"start":{"line":45,"column":11},"end":{"line":49,"column":5}},"30":{"start":{"line":46,"column":6},"end":{"line":46,"column":63}},"31":{"start":{"line":47,"column":11},"end":{"line":49,"column":5}},"32":{"start":{"line":48,"column":6},"end":{"line":48,"column":49}},"33":{"start":{"line":51,"column":4},"end":{"line":53,"column":5}},"34":{"start":{"line":52,"column":6},"end":{"line":52,"column":63}},"35":{"start":{"line":57,"column":2},"end":{"line":59,"column":5}},"36":{"start":{"line":58,"column":4},"end":{"line":58,"column":81}},"37":{"start":{"line":62,"column":2},"end":{"line":62,"column":86}},"38":{"start":{"line":62,"column":48},"end":{"line":62,"column":84}},"39":{"start":{"line":66,"column":15},"end":{"line":66,"column":24}},"40":{"start":{"line":67,"column":19},"end":{"line":67,"column":32}},"41":{"start":{"line":68,"column":20},"end":{"line":68,"column":40}},"42":{"start":{"line":70,"column":16},"end":{"line":70,"column":36}},"43":{"start":{"line":71,"column":20},"end":{"line":71,"column":38}},"44":{"start":{"line":72,"column":21},"end":{"line":72,"column":40}},"45":{"start":{"line":75,"column":23},"end":{"line":75,"column":63}},"46":{"start":{"line":76,"column":27},"end":{"line":76,"column":75}},"47":{"start":{"line":77,"column":20},"end":{"line":77,"column":45}},"48":{"start":{"line":78,"column":25},"end":{"line":78,"column":89}},"49":{"start":{"line":78,"column":65},"end":{"line":78,"column":85}},"50":{"start":{"line":79,"column":4},"end":{"line":79,"column":37}},"51":{"start":{"line":80,"column":4},"end":{"line":80,"column":53}},"52":{"start":{"line":81,"column":4},"end":{"line":81,"column":19}},"53":{"start":{"line":84,"column":23},"end":{"line":84,"column":52}},"54":{"start":{"line":85,"column":24},"end":{"line":85,"column":57}},"55":{"start":{"line":86,"column":25},"end":{"line":86,"column":59}},"56":{"start":{"line":87,"column":23},"end":{"line":87,"column":42}},"57":{"start":{"line":88,"column":2},"end":{"line":88,"column":74}},"58":{"start":{"line":88,"column":55},"end":{"line":88,"column":69}},"59":{"start":{"line":89,"column":2},"end":{"line":89,"column":66}},"60":{"start":{"line":91,"column":2},"end":{"line":91,"column":85}},"61":{"start":{"line":92,"column":2},"end":{"line":93,"column":134}},"62":{"start":{"line":94,"column":2},"end":{"line":94,"column":87}},"63":{"start":{"line":95,"column":2},"end":{"line":96,"column":137}},"64":{"start":{"line":97,"column":2},"end":{"line":97,"column":89}},"65":{"start":{"line":98,"column":2},"end":{"line":99,"column":140}},"66":{"start":{"line":101,"column":2},"end":{"line":101,"column":95}},"67":{"start":{"line":102,"column":2},"end":{"line":104,"column":4}},"68":{"start":{"line":105,"column":2},"end":{"line":105,"column":90}},"69":{"start":{"line":106,"column":2},"end":{"line":106,"column":99}},"70":{"start":{"line":107,"column":2},"end":{"line":107,"column":97}},"71":{"start":{"line":108,"column":2},"end":{"line":108,"column":97}},"72":{"start":{"line":110,"column":2},"end":{"line":110,"column":54}},"73":{"start":{"line":113,"column":2},"end":{"line":113,"column":53}},"74":{"start":{"line":117,"column":22},"end":{"line":125,"column":3}},"75":{"start":{"line":127,"column":2},"end":{"line":147,"column":5}},"76":{"start":{"line":128,"column":28},"end":{"line":128,"column":82}},"77":{"start":{"line":128,"column":59},"end":{"line":128,"column":81}},"78":{"start":{"line":129,"column":24},"end":{"line":129,"column":79}},"79":{"start":{"line":129,"column":66},"end":{"line":129,"column":77}},"80":{"start":{"line":130,"column":21},"end":{"line":130,"column":74}},"81":{"start":{"line":130,"column":42},"end":{"line":130,"column":73}},"82":{"start":{"line":131,"column":25},"end":{"line":131,"column":90}},"83":{"start":{"line":131,"column":54},"end":{"line":131,"column":89}},"84":{"start":{"line":133,"column":19},"end":{"line":133,"column":84}},"85":{"start":{"line":133,"column":49},"end":{"line":133,"column":80}},"86":{"start":{"line":134,"column":16},"end":{"line":134,"column":75}},"87":{"start":{"line":134,"column":46},"end":{"line":134,"column":71}},"88":{"start":{"line":135,"column":25},"end":{"line":135,"column":86}},"89":{"start":{"line":135,"column":55},"end":{"line":135,"column":82}},"90":{"start":{"line":136,"column":29},"end":{"line":136,"column":91}},"91":{"start":{"line":136,"column":67},"end":{"line":136,"column":87}},"92":{"start":{"line":137,"column":20},"end":{"line":137,"column":57}},"93":{"start":{"line":139,"column":20},"end":{"line":139,"column":52}},"94":{"start":{"line":140,"column":19},"end":{"line":140,"column":50}},"95":{"start":{"line":141,"column":4},"end":{"line":143,"column":5}},"96":{"start":{"line":142,"column":6},"end":{"line":142,"column":65}},"97":{"start":{"line":144,"column":4},"end":{"line":146,"column":5}},"98":{"start":{"line":145,"column":6},"end":{"line":145,"column":162}},"99":{"start":{"line":151,"column":21},"end":{"line":151,"column":68}},"100":{"start":{"line":154,"column":23},"end":{"line":178,"column":42}},"101":{"start":{"line":155,"column":19},"end":{"line":155,"column":36}},"102":{"start":{"line":156,"column":19},"end":{"line":156,"column":64}},"103":{"start":{"line":158,"column":23},"end":{"line":158,"column":71}},"104":{"start":{"line":158,"column":42},"end":{"line":158,"column":70}},"105":{"start":{"line":159,"column":27},"end":{"line":159,"column":79}},"106":{"start":{"line":159,"column":50},"end":{"line":159,"column":78}},"107":{"start":{"line":161,"column":21},"end":{"line":161,"column":82}},"108":{"start":{"line":161,"column":49},"end":{"line":161,"column":78}},"109":{"start":{"line":162,"column":25},"end":{"line":162,"column":96}},"110":{"start":{"line":162,"column":53},"end":{"line":162,"column":92}},"111":{"start":{"line":163,"column":18},"end":{"line":163,"column":73}},"112":{"start":{"line":163,"column":46},"end":{"line":163,"column":69}},"113":{"start":{"line":164,"column":27},"end":{"line":164,"column":84}},"114":{"start":{"line":164,"column":55},"end":{"line":164,"column":80}},"115":{"start":{"line":165,"column":19},"end":{"line":165,"column":84}},"116":{"start":{"line":165,"column":66},"end":{"line":165,"column":80}},"117":{"start":{"line":166,"column":22},"end":{"line":166,"column":32}},"118":{"start":{"line":168,"column":6},"end":{"line":175,"column":8}},"119":{"start":{"line":177,"column":19},"end":{"line":177,"column":45}},"120":{"start":{"line":178,"column":20},"end":{"line":178,"column":41}},"121":{"start":{"line":180,"column":16},"end":{"line":180,"column":64}},"122":{"start":{"line":182,"column":2},"end":{"line":191,"column":3}},"123":{"start":{"line":183,"column":4},"end":{"line":189,"column":6}},"124":{"start":{"line":190,"column":4},"end":{"line":190,"column":11}},"125":{"start":{"line":193,"column":2},"end":{"line":230,"column":14}},"126":{"start":{"line":195,"column":24},"end":{"line":195,"column":71}},"127":{"start":{"line":196,"column":19},"end":{"line":196,"column":26}},"128":{"start":{"line":197,"column":24},"end":{"line":197,"column":37}},"129":{"start":{"line":199,"column":6},"end":{"line":205,"column":7}},"130":{"start":{"line":200,"column":8},"end":{"line":200,"column":27}},"131":{"start":{"line":201,"column":8},"end":{"line":201,"column":34}},"132":{"start":{"line":202,"column":13},"end":{"line":205,"column":7}},"133":{"start":{"line":203,"column":8},"end":{"line":203,"column":26}},"134":{"start":{"line":204,"column":8},"end":{"line":204,"column":35}},"135":{"start":{"line":208,"column":29},"end":{"line":208,"column":94}},"136":{"start":{"line":210,"column":8},"end":{"line":214,"column":26}},"137":{"start":{"line":216,"column":6},"end":{"line":228,"column":6}},"138":{"start":{"line":234,"column":15},"end":{"line":234,"column":24}},"139":{"start":{"line":235,"column":19},"end":{"line":235,"column":32}},"140":{"start":{"line":237,"column":19},"end":{"line":237,"column":70}},"141":{"start":{"line":237,"column":43},"end":{"line":237,"column":66}},"142":{"start":{"line":239,"column":4},"end":{"line":240,"column":50}},"143":{"start":{"line":239,"column":28},"end":{"line":239,"column":53}},"144":{"start":{"line":240,"column":32},"end":{"line":240,"column":46}},"145":{"start":{"line":241,"column":23},"end":{"line":241,"column":43}},"146":{"start":{"line":243,"column":2},"end":{"line":243,"column":86}}},"fnMap":{"0":{"name":"calculateCustomerBalance","decl":{"start":{"line":2,"column":9},"end":{"line":2,"column":33}},"loc":{"start":{"line":2,"column":46},"end":{"line":11,"column":1}},"line":2},"1":{"name":"(anonymous_1)","decl":{"start":{"line":3,"column":32},"end":{"line":3,"column":33}},"loc":{"start":{"line":3,"column":39},"end":{"line":3,"column":66}},"line":3},"2":{"name":"(anonymous_2)","decl":{"start":{"line":4,"column":40},"end":{"line":4,"column":41}},"loc":{"start":{"line":4,"column":47},"end":{"line":4,"column":74}},"line":4},"3":{"name":"(anonymous_3)","decl":{"start":{"line":6,"column":31},"end":{"line":6,"column":32}},"loc":{"start":{"line":6,"column":43},"end":{"line":6,"column":66}},"line":6},"4":{"name":"(anonymous_4)","decl":{"start":{"line":7,"column":40},"end":{"line":7,"column":41}},"loc":{"start":{"line":7,"column":52},"end":{"line":7,"column":77}},"line":7},"5":{"name":"(anonymous_5)","decl":{"start":{"line":8,"column":36},"end":{"line":8,"column":37}},"loc":{"start":{"line":8,"column":48},"end":{"line":8,"column":62}},"line":8},"6":{"name":"calculateMonthlyBalances","decl":{"start":{"line":13,"column":9},"end":{"line":13,"column":33}},"loc":{"start":{"line":13,"column":46},"end":{"line":63,"column":1}},"line":13},"7":{"name":"(anonymous_7)","decl":{"start":{"line":14,"column":32},"end":{"line":14,"column":33}},"loc":{"start":{"line":14,"column":39},"end":{"line":14,"column":66}},"line":14},"8":{"name":"(anonymous_8)","decl":{"start":{"line":15,"column":40},"end":{"line":15,"column":41}},"loc":{"start":{"line":15,"column":47},"end":{"line":15,"column":74}},"line":15},"9":{"name":"(anonymous_9)","decl":{"start":{"line":20,"column":15},"end":{"line":20,"column":16}},"loc":{"start":{"line":20,"column":24},"end":{"line":36,"column":3}},"line":20},"10":{"name":"(anonymous_10)","decl":{"start":{"line":39,"column":19},"end":{"line":39,"column":20}},"loc":{"start":{"line":39,"column":32},"end":{"line":54,"column":3}},"line":39},"11":{"name":"(anonymous_11)","decl":{"start":{"line":57,"column":34},"end":{"line":57,"column":35}},"loc":{"start":{"line":57,"column":45},"end":{"line":59,"column":3}},"line":57},"12":{"name":"(anonymous_12)","decl":{"start":{"line":62,"column":38},"end":{"line":62,"column":39}},"loc":{"start":{"line":62,"column":48},"end":{"line":62,"column":84}},"line":62},"13":{"name":"refreshDashboard","decl":{"start":{"line":65,"column":9},"end":{"line":65,"column":25}},"loc":{"start":{"line":65,"column":28},"end":{"line":114,"column":1}},"line":65},"14":{"name":"summarizePeriod","decl":{"start":{"line":74,"column":11},"end":{"line":74,"column":26}},"loc":{"start":{"line":74,"column":47},"end":{"line":82,"column":3}},"line":74},"15":{"name":"(anonymous_15)","decl":{"start":{"line":78,"column":47},"end":{"line":78,"column":48}},"loc":{"start":{"line":78,"column":65},"end":{"line":78,"column":85}},"line":78},"16":{"name":"(anonymous_16)","decl":{"start":{"line":88,"column":43},"end":{"line":88,"column":44}},"loc":{"start":{"line":88,"column":55},"end":{"line":88,"column":69}},"line":88},"17":{"name":"updateTypeBalanceSummary","decl":{"start":{"line":116,"column":9},"end":{"line":116,"column":33}},"loc":{"start":{"line":116,"column":61},"end":{"line":148,"column":1}},"line":116},"18":{"name":"(anonymous_18)","decl":{"start":{"line":127,"column":22},"end":{"line":127,"column":23}},"loc":{"start":{"line":127,"column":53},"end":{"line":147,"column":3}},"line":127},"19":{"name":"(anonymous_19)","decl":{"start":{"line":128,"column":45},"end":{"line":128,"column":46}},"loc":{"start":{"line":128,"column":59},"end":{"line":128,"column":81}},"line":128},"20":{"name":"(anonymous_20)","decl":{"start":{"line":129,"column":52},"end":{"line":129,"column":53}},"loc":{"start":{"line":129,"column":66},"end":{"line":129,"column":77}},"line":129},"21":{"name":"(anonymous_21)","decl":{"start":{"line":130,"column":33},"end":{"line":130,"column":34}},"loc":{"start":{"line":130,"column":42},"end":{"line":130,"column":73}},"line":130},"22":{"name":"(anonymous_22)","decl":{"start":{"line":131,"column":41},"end":{"line":131,"column":42}},"loc":{"start":{"line":131,"column":54},"end":{"line":131,"column":89}},"line":131},"23":{"name":"(anonymous_23)","decl":{"start":{"line":133,"column":35},"end":{"line":133,"column":36}},"loc":{"start":{"line":133,"column":49},"end":{"line":133,"column":80}},"line":133},"24":{"name":"(anonymous_24)","decl":{"start":{"line":134,"column":32},"end":{"line":134,"column":33}},"loc":{"start":{"line":134,"column":46},"end":{"line":134,"column":71}},"line":134},"25":{"name":"(anonymous_25)","decl":{"start":{"line":135,"column":41},"end":{"line":135,"column":42}},"loc":{"start":{"line":135,"column":55},"end":{"line":135,"column":82}},"line":135},"26":{"name":"(anonymous_26)","decl":{"start":{"line":136,"column":49},"end":{"line":136,"column":50}},"loc":{"start":{"line":136,"column":67},"end":{"line":136,"column":87}},"line":136},"27":{"name":"refreshCustomerBalances","decl":{"start":{"line":150,"column":9},"end":{"line":150,"column":32}},"loc":{"start":{"line":150,"column":60},"end":{"line":231,"column":1}},"line":150},"28":{"name":"(anonymous_28)","decl":{"start":{"line":155,"column":12},"end":{"line":155,"column":13}},"loc":{"start":{"line":155,"column":19},"end":{"line":155,"column":36}},"line":155},"29":{"name":"(anonymous_29)","decl":{"start":{"line":156,"column":12},"end":{"line":156,"column":13}},"loc":{"start":{"line":156,"column":19},"end":{"line":156,"column":64}},"line":156},"30":{"name":"(anonymous_30)","decl":{"start":{"line":157,"column":9},"end":{"line":157,"column":10}},"loc":{"start":{"line":157,"column":23},"end":{"line":176,"column":5}},"line":157},"31":{"name":"(anonymous_31)","decl":{"start":{"line":158,"column":35},"end":{"line":158,"column":36}},"loc":{"start":{"line":158,"column":42},"end":{"line":158,"column":70}},"line":158},"32":{"name":"(anonymous_32)","decl":{"start":{"line":159,"column":43},"end":{"line":159,"column":44}},"loc":{"start":{"line":159,"column":50},"end":{"line":159,"column":78}},"line":159},"33":{"name":"(anonymous_33)","decl":{"start":{"line":161,"column":37},"end":{"line":161,"column":38}},"loc":{"start":{"line":161,"column":49},"end":{"line":161,"column":78}},"line":161},"34":{"name":"(anonymous_34)","decl":{"start":{"line":162,"column":41},"end":{"line":162,"column":42}},"loc":{"start":{"line":162,"column":53},"end":{"line":162,"column":92}},"line":162},"35":{"name":"(anonymous_35)","decl":{"start":{"line":163,"column":34},"end":{"line":163,"column":35}},"loc":{"start":{"line":163,"column":46},"end":{"line":163,"column":69}},"line":163},"36":{"name":"(anonymous_36)","decl":{"start":{"line":164,"column":43},"end":{"line":164,"column":44}},"loc":{"start":{"line":164,"column":55},"end":{"line":164,"column":80}},"line":164},"37":{"name":"(anonymous_37)","decl":{"start":{"line":165,"column":54},"end":{"line":165,"column":55}},"loc":{"start":{"line":165,"column":66},"end":{"line":165,"column":80}},"line":165},"38":{"name":"(anonymous_38)","decl":{"start":{"line":177,"column":12},"end":{"line":177,"column":13}},"loc":{"start":{"line":177,"column":19},"end":{"line":177,"column":45}},"line":177},"39":{"name":"(anonymous_39)","decl":{"start":{"line":178,"column":10},"end":{"line":178,"column":11}},"loc":{"start":{"line":178,"column":20},"end":{"line":178,"column":41}},"line":178},"40":{"name":"(anonymous_40)","decl":{"start":{"line":194,"column":9},"end":{"line":194,"column":10}},"loc":{"start":{"line":194,"column":16},"end":{"line":229,"column":5}},"line":194},"41":{"name":"updatePendingBadge","decl":{"start":{"line":233,"column":9},"end":{"line":233,"column":27}},"loc":{"start":{"line":233,"column":30},"end":{"line":244,"column":1}},"line":233},"42":{"name":"(anonymous_42)","decl":{"start":{"line":237,"column":31},"end":{"line":237,"column":32}},"loc":{"start":{"line":237,"column":43},"end":{"line":237,"column":66}},"line":237},"43":{"name":"(anonymous_43)","decl":{"start":{"line":239,"column":16},"end":{"line":239,"column":17}},"loc":{"start":{"line":239,"column":28},"end":{"line":239,"column":53}},"line":239},"44":{"name":"(anonymous_44)","decl":{"start":{"line":240,"column":20},"end":{"line":240,"column":21}},"loc":{"start":{"line":240,"column":32},"end":{"line":240,"column":46}},"line":240}},"branchMap":{"0":{"loc":{"start":{"line":22,"column":4},"end":{"line":32,"column":5}},"type":"if","locations":[{"start":{"line":22,"column":4},"end":{"line":32,"column":5}},{"start":{},"end":{}}],"line":22},"1":{"loc":{"start":{"line":41,"column":4},"end":{"line":49,"column":5}},"type":"if","locations":[{"start":{"line":41,"column":4},"end":{"line":49,"column":5}},{"start":{"line":43,"column":11},"end":{"line":49,"column":5}}],"line":41},"2":{"loc":{"start":{"line":43,"column":11},"end":{"line":49,"column":5}},"type":"if","locations":[{"start":{"line":43,"column":11},"end":{"line":49,"column":5}},{"start":{"line":45,"column":11},"end":{"line":49,"column":5}}],"line":43},"3":{"loc":{"start":{"line":45,"column":11},"end":{"line":49,"column":5}},"type":"if","locations":[{"start":{"line":45,"column":11},"end":{"line":49,"column":5}},{"start":{"line":47,"column":11},"end":{"line":49,"column":5}}],"line":45},"4":{"loc":{"start":{"line":47,"column":11},"end":{"line":49,"column":5}},"type":"if","locations":[{"start":{"line":47,"column":11},"end":{"line":49,"column":5}},{"start":{},"end":{}}],"line":47},"5":{"loc":{"start":{"line":51,"column":4},"end":{"line":53,"column":5}},"type":"if","locations":[{"start":{"line":51,"column":4},"end":{"line":53,"column":5}},{"start":{},"end":{}}],"line":51},"6":{"loc":{"start":{"line":51,"column":8},"end":{"line":51,"column":44}},"type":"binary-expr","locations":[{"start":{"line":51,"column":8},"end":{"line":51,"column":19}},{"start":{"line":51,"column":23},"end":{"line":51,"column":44}}],"line":51},"7":{"loc":{"start":{"line":133,"column":56},"end":{"line":133,"column":79}},"type":"binary-expr","locations":[{"start":{"line":133,"column":56},"end":{"line":133,"column":74}},{"start":{"line":133,"column":78},"end":{"line":133,"column":79}}],"line":133},"8":{"loc":{"start":{"line":141,"column":4},"end":{"line":143,"column":5}},"type":"if","locations":[{"start":{"line":141,"column":4},"end":{"line":143,"column":5}},{"start":{},"end":{}}],"line":141},"9":{"loc":{"start":{"line":144,"column":4},"end":{"line":146,"column":5}},"type":"if","locations":[{"start":{"line":144,"column":4},"end":{"line":146,"column":5}},{"start":{},"end":{}}],"line":144},"10":{"loc":{"start":{"line":156,"column":19},"end":{"line":156,"column":64}},"type":"binary-expr","locations":[{"start":{"line":156,"column":19},"end":{"line":156,"column":39}},{"start":{"line":156,"column":43},"end":{"line":156,"column":64}}],"line":156},"11":{"loc":{"start":{"line":161,"column":56},"end":{"line":161,"column":77}},"type":"binary-expr","locations":[{"start":{"line":161,"column":56},"end":{"line":161,"column":72}},{"start":{"line":161,"column":76},"end":{"line":161,"column":77}}],"line":161},"12":{"loc":{"start":{"line":162,"column":60},"end":{"line":162,"column":91}},"type":"binary-expr","locations":[{"start":{"line":162,"column":60},"end":{"line":162,"column":86}},{"start":{"line":162,"column":90},"end":{"line":162,"column":91}}],"line":162},"13":{"loc":{"start":{"line":177,"column":19},"end":{"line":177,"column":45}},"type":"binary-expr","locations":[{"start":{"line":177,"column":19},"end":{"line":177,"column":31}},{"start":{"line":177,"column":35},"end":{"line":177,"column":45}}],"line":177},"14":{"loc":{"start":{"line":182,"column":2},"end":{"line":191,"column":3}},"type":"if","locations":[{"start":{"line":182,"column":2},"end":{"line":191,"column":3}},{"start":{},"end":{}}],"line":182},"15":{"loc":{"start":{"line":199,"column":6},"end":{"line":205,"column":7}},"type":"if","locations":[{"start":{"line":199,"column":6},"end":{"line":205,"column":7}},{"start":{"line":202,"column":13},"end":{"line":205,"column":7}}],"line":199},"16":{"loc":{"start":{"line":202,"column":13},"end":{"line":205,"column":7}},"type":"if","locations":[{"start":{"line":202,"column":13},"end":{"line":205,"column":7}},{"start":{},"end":{}}],"line":202},"17":{"loc":{"start":{"line":208,"column":29},"end":{"line":208,"column":94}},"type":"cond-expr","locations":[{"start":{"line":208,"column":49},"end":{"line":208,"column":85}},{"start":{"line":208,"column":89},"end":{"line":208,"column":94}}],"line":208},"18":{"loc":{"start":{"line":208,"column":49},"end":{"line":208,"column":85}},"type":"cond-expr","locations":[{"start":{"line":208,"column":67},"end":{"line":208,"column":73}},{"start":{"line":208,"column":76},"end":{"line":208,"column":85}}],"line":208},"19":{"loc":{"start":{"line":210,"column":8},"end":{"line":214,"column":26}},"type":"cond-expr","locations":[{"start":{"line":211,"column":12},"end":{"line":211,"column":25}},{"start":{"line":212,"column":12},"end":{"line":214,"column":26}}],"line":210},"20":{"loc":{"start":{"line":212,"column":12},"end":{"line":214,"column":26}},"type":"cond-expr","locations":[{"start":{"line":213,"column":14},"end":{"line":213,"column":28}},{"start":{"line":214,"column":14},"end":{"line":214,"column":26}}],"line":212},"21":{"loc":{"start":{"line":225,"column":55},"end":{"line":225,"column":94}},"type":"cond-expr","locations":[{"start":{"line":225,"column":71},"end":{"line":225,"column":81}},{"start":{"line":225,"column":84},"end":{"line":225,"column":94}}],"line":225}},"s":{"0":0,"1":0,"2":0,"3":0,"4":0,"5":0,"6":0,"7":0,"8":0,"9":0,"10":0,"11":0,"12":0,"13":0,"14":0,"15":0,"16":0,"17":0,"18":0,"19":0,"20":0,"21":0,"22":0,"23":0,"24":0,"25":0,"26":0,"27":0,"28":0,"29":0,"30":0,"31":0,"32":0,"33":0,"34":0,"35":0,"36":0,"37":0,"38":0,"39":0,"40":0,"41":0,"42":0,"43":0,"44":0,"45":0,"46":0,"47":0,"48":0,"49":0,"50":0,"51":0,"52":0,"53":0,"54":0,"55":0,"56":0,"57":0,"58":0,"59":0,"60":0,"61":0,"62":0,"63":0,"64":0,"65":0,"66":0,"67":0,"68":0,"69":0,"70":0,"71":0,"72":0,"73":0,"74":0,"75":0,"76":0,"77":0,"78":0,"79":0,"80":0,"81":0,"82":0,"83":0,"84":0,"85":0,"86":0,"87":0,"88":0,"89":0,"90":0,"91":0,"92":0,"93":0,"94":0,"95":0,"96":0,"97":0,"98":0,"99":0,"100":0,"101":0,"102":0,"103":0,"104":0,"105":0,"106":0,"107":0,"108":0,"109":0,"110":0,"111":0,"112":0,"113":0,"114":0,"115":0,"116":0,"117":0,"118":0,"119":0,"120":0,"121":0,"122":0,"123":0,"124":0,"125":0,"126":0,"127":0,"128":0,"129":0,"130":0,"131":0,"132":0,"133":0,"134":0,"135":0,"136":0,"137":0,"138":0,"139":0,"140":0,"141":0,"142":0,"143":0,"144":0,"145":0,"146":0},"f":{"0":0,"1":0,"2":0,"3":0,"4":0,"5":0,"6":0,"7":0,"8":0,"9":0,"10":0,"11":0,"12":0,"13":0,"14":0,"15":0,"16":0,"17":0,"18":0,"19":0,"20":0,"21":0,"22":0,"23":0,"24":0,"25":0,"26":0,"27":0,"28":0,"29":0,"30":0,"31":0,"32":0,"33":0,"34":0,"35":0,"36":0,"37":0,"38":0,"39":0,"40":0,"41":0,"42":0,"43":0,"44":0},"b":{"0":[0,0],"1":[0,0],"2":[0,0],"3":[0,0],"4":[0,0],"5":[0,0],"6":[0,0],"7":[0,0],"8":[0,0],"9":[0,0],"10":[0,0],"11":[0,0],"12":[0,0],"13":[0,0],"14":[0,0],"15":[0,0],"16":[0,0],"17":[0,0],"18":[0,0],"19":[0,0],"20":[0,0],"21":[0,0]}}
,"C:\\Users\\senth\\Downloads\\SLW\\src\\js\\data.js": {"path":"C:\\Users\\senth\\Downloads\\SLW\\src\\js\\data.js","statementMap":{"0":{"start":{"line":2,"column":21},"end":{"line":8,"column":1}},"1":{"start":{"line":10,"column":18},"end":{"line":10,"column":30}},"2":{"start":{"line":13,"column":2},"end":{"line":15,"column":14}},"3":{"start":{"line":19,"column":2},"end":{"line":23,"column":3}},"4":{"start":{"line":20,"column":4},"end":{"line":20,"column":43}},"5":{"start":{"line":22,"column":4},"end":{"line":22,"column":16}},"6":{"start":{"line":27,"column":2},"end":{"line":27,"column":49}},"7":{"start":{"line":28,"column":2},"end":{"line":28,"column":53}},"8":{"start":{"line":29,"column":2},"end":{"line":29,"column":27}},"9":{"start":{"line":30,"column":2},"end":{"line":32,"column":16}},"10":{"start":{"line":31,"column":4},"end":{"line":31,"column":43}},"11":{"start":{"line":36,"column":17},"end":{"line":36,"column":55}},"12":{"start":{"line":37,"column":16},"end":{"line":37,"column":59}},"13":{"start":{"line":38,"column":15},"end":{"line":38,"column":57}},"14":{"start":{"line":39,"column":2},"end":{"line":41,"column":1}},"15":{"start":{"line":40,"column":0},"end":{"line":40,"column":7}},"16":{"start":{"line":42,"column":17},"end":{"line":42,"column":33}},"17":{"start":{"line":43,"column":2},"end":{"line":43,"column":48}},"18":{"start":{"line":44,"column":2},"end":{"line":44,"column":73}},"19":{"start":{"line":45,"column":2},"end":{"line":45,"column":50}},"20":{"start":{"line":46,"column":2},"end":{"line":50,"column":3}},"21":{"start":{"line":47,"column":4},"end":{"line":49,"column":70}},"22":{"start":{"line":54,"column":16},"end":{"line":54,"column":31}},"23":{"start":{"line":55,"column":2},"end":{"line":55,"column":40}},"24":{"start":{"line":59,"column":18},"end":{"line":59,"column":86}},"25":{"start":{"line":60,"column":2},"end":{"line":60,"column":52}},"26":{"start":{"line":66,"column":2},"end":{"line":624,"column":3}},"27":{"start":{"line":67,"column":29},"end":{"line":622,"column":5}},"28":{"start":{"line":623,"column":4},"end":{"line":623,"column":83}},"29":{"start":{"line":627,"column":2},"end":{"line":1142,"column":3}},"30":{"start":{"line":628,"column":29},"end":{"line":1140,"column":5}},"31":{"start":{"line":1141,"column":4},"end":{"line":1141,"column":84}},"32":{"start":{"line":1145,"column":2},"end":{"line":1147,"column":3}},"33":{"start":{"line":1146,"column":4},"end":{"line":1146,"column":64}},"34":{"start":{"line":1148,"column":2},"end":{"line":1151,"column":3}},"35":{"start":{"line":1149,"column":4},"end":{"line":1149,"column":64}},"36":{"start":{"line":1150,"column":4},"end":{"line":1150,"column":52}},"37":{"start":{"line":1154,"column":2},"end":{"line":1156,"column":3}},"38":{"start":{"line":1155,"column":4},"end":{"line":1155,"column":68}},"39":{"start":{"line":1161,"column":2},"end":{"line":1161,"column":74}},"40":{"start":{"line":1165,"column":2},"end":{"line":1165,"column":75}},"41":{"start":{"line":1169,"column":2},"end":{"line":1169,"column":69}},"42":{"start":{"line":1173,"column":2},"end":{"line":1173,"column":73}},"43":{"start":{"line":1177,"column":15},"end":{"line":1177,"column":24}},"44":{"start":{"line":1178,"column":2},"end":{"line":1178,"column":72}},"45":{"start":{"line":1178,"column":57},"end":{"line":1178,"column":61}},"46":{"start":{"line":1179,"column":2},"end":{"line":1179,"column":43}},"47":{"start":{"line":1180,"column":2},"end":{"line":1180,"column":17}},"48":{"start":{"line":1181,"column":2},"end":{"line":1181,"column":64}},"49":{"start":{"line":1182,"column":2},"end":{"line":1182,"column":13}},"50":{"start":{"line":1186,"column":19},"end":{"line":1186,"column":32}},"51":{"start":{"line":1187,"column":2},"end":{"line":1187,"column":84}},"52":{"start":{"line":1187,"column":69},"end":{"line":1187,"column":73}},"53":{"start":{"line":1188,"column":2},"end":{"line":1188,"column":47}},"54":{"start":{"line":1189,"column":2},"end":{"line":1189,"column":25}},"55":{"start":{"line":1190,"column":2},"end":{"line":1190,"column":72}},"56":{"start":{"line":1191,"column":2},"end":{"line":1191,"column":17}},"57":{"start":{"line":1195,"column":2},"end":{"line":1195,"column":91}},"58":{"start":{"line":1195,"column":60},"end":{"line":1195,"column":80}},"59":{"start":{"line":1199,"column":2},"end":{"line":1199,"column":41}},"60":{"start":{"line":1203,"column":2},"end":{"line":1203,"column":47}},"61":{"start":{"line":1207,"column":2},"end":{"line":1207,"column":47}},"62":{"start":{"line":1211,"column":15},"end":{"line":1211,"column":33}},"63":{"start":{"line":1212,"column":16},"end":{"line":1212,"column":60}},"64":{"start":{"line":1213,"column":14},"end":{"line":1213,"column":53}},"65":{"start":{"line":1214,"column":2},"end":{"line":1214,"column":35}},"66":{"start":{"line":1218,"column":2},"end":{"line":1218,"column":41}},"67":{"start":{"line":1222,"column":16},"end":{"line":1222,"column":30}},"68":{"start":{"line":1223,"column":14},"end":{"line":1223,"column":28}},"69":{"start":{"line":1224,"column":17},"end":{"line":1224,"column":41}},"70":{"start":{"line":1225,"column":2},"end":{"line":1225,"column":42}},"71":{"start":{"line":1226,"column":2},"end":{"line":1226,"column":35}},"72":{"start":{"line":1230,"column":2},"end":{"line":1230,"column":78}},"73":{"start":{"line":1234,"column":2},"end":{"line":1234,"column":64}},"74":{"start":{"line":1238,"column":16},"end":{"line":1238,"column":31}},"75":{"start":{"line":1239,"column":21},"end":{"line":1239,"column":38}},"76":{"start":{"line":1240,"column":2},"end":{"line":1240,"column":73}},"77":{"start":{"line":1244,"column":15},"end":{"line":1244,"column":33}},"78":{"start":{"line":1245,"column":16},"end":{"line":1245,"column":60}},"79":{"start":{"line":1246,"column":2},"end":{"line":1246,"column":28}},"80":{"start":{"line":1250,"column":2},"end":{"line":1250,"column":64}},"81":{"start":{"line":1254,"column":2},"end":{"line":1256,"column":3}},"82":{"start":{"line":1255,"column":4},"end":{"line":1255,"column":35}},"83":{"start":{"line":1257,"column":2},"end":{"line":1257,"column":28}},"84":{"start":{"line":1261,"column":17},"end":{"line":1261,"column":26}},"85":{"start":{"line":1263,"column":2},"end":{"line":1269,"column":5}},"86":{"start":{"line":1264,"column":16},"end":{"line":1264,"column":35}},"87":{"start":{"line":1265,"column":4},"end":{"line":1267,"column":5}},"88":{"start":{"line":1266,"column":6},"end":{"line":1266,"column":26}},"89":{"start":{"line":1268,"column":4},"end":{"line":1268,"column":30}},"90":{"start":{"line":1271,"column":2},"end":{"line":1288,"column":5}},"91":{"start":{"line":1272,"column":23},"end":{"line":1274,"column":5}},"92":{"start":{"line":1273,"column":16},"end":{"line":1273,"column":65}},"93":{"start":{"line":1275,"column":4},"end":{"line":1287,"column":6}},"94":{"start":{"line":1279,"column":51},"end":{"line":1279,"column":82}},"95":{"start":{"line":1280,"column":48},"end":{"line":1280,"column":73}},"96":{"start":{"line":1282,"column":22},"end":{"line":1282,"column":63}},"97":{"start":{"line":1285,"column":53},"end":{"line":1285,"column":86}},"98":{"start":{"line":1292,"column":2},"end":{"line":1292,"column":48}},"99":{"start":{"line":1296,"column":2},"end":{"line":1298,"column":1}},"100":{"start":{"line":1297,"column":0},"end":{"line":1297,"column":25}},"101":{"start":{"line":1299,"column":2},"end":{"line":1299,"column":56}},"102":{"start":{"line":1303,"column":2},"end":{"line":1303,"column":32}},"103":{"start":{"line":1307,"column":2},"end":{"line":1309,"column":3}},"104":{"start":{"line":1308,"column":4},"end":{"line":1308,"column":26}},"105":{"start":{"line":1311,"column":2},"end":{"line":1317,"column":3}},"106":{"start":{"line":1313,"column":6},"end":{"line":1315,"column":73}},"107":{"start":{"line":1316,"column":4},"end":{"line":1316,"column":21}},"108":{"start":{"line":1319,"column":2},"end":{"line":1319,"column":11}},"109":{"start":{"line":1323,"column":2},"end":{"line":1323,"column":42}},"110":{"start":{"line":1327,"column":2},"end":{"line":1327,"column":82}},"111":{"start":{"line":1331,"column":2},"end":{"line":1333,"column":3}},"112":{"start":{"line":1332,"column":4},"end":{"line":1332,"column":25}},"113":{"start":{"line":1334,"column":2},"end":{"line":1334,"column":73}},"114":{"start":{"line":1338,"column":17},"end":{"line":1338,"column":78}},"115":{"start":{"line":1338,"column":43},"end":{"line":1338,"column":74}},"116":{"start":{"line":1339,"column":21},"end":{"line":1339,"column":92}},"117":{"start":{"line":1339,"column":47},"end":{"line":1339,"column":88}},"118":{"start":{"line":1340,"column":14},"end":{"line":1340,"column":69}},"119":{"start":{"line":1340,"column":40},"end":{"line":1340,"column":65}},"120":{"start":{"line":1341,"column":19},"end":{"line":1341,"column":76}},"121":{"start":{"line":1341,"column":45},"end":{"line":1341,"column":72}},"122":{"start":{"line":1342,"column":18},"end":{"line":1342,"column":32}},"123":{"start":{"line":1343,"column":19},"end":{"line":1343,"column":47}},"124":{"start":{"line":1345,"column":2},"end":{"line":1352,"column":4}},"125":{"start":{"line":1356,"column":2},"end":{"line":1356,"column":87}},"126":{"start":{"line":1356,"column":38},"end":{"line":1356,"column":85}},"127":{"start":{"line":1360,"column":2},"end":{"line":1360,"column":87}},"128":{"start":{"line":1360,"column":30},"end":{"line":1360,"column":85}}},"fnMap":{"0":{"name":"getSystemTheme","decl":{"start":{"line":12,"column":9},"end":{"line":12,"column":23}},"loc":{"start":{"line":12,"column":26},"end":{"line":16,"column":1}},"line":12},"1":{"name":"getSavedTheme","decl":{"start":{"line":18,"column":9},"end":{"line":18,"column":22}},"loc":{"start":{"line":18,"column":25},"end":{"line":24,"column":1}},"line":18},"2":{"name":"applyTheme","decl":{"start":{"line":26,"column":9},"end":{"line":26,"column":19}},"loc":{"start":{"line":26,"column":27},"end":{"line":33,"column":1}},"line":26},"3":{"name":"updateThemeToggle","decl":{"start":{"line":35,"column":9},"end":{"line":35,"column":26}},"loc":{"start":{"line":35,"column":34},"end":{"line":51,"column":1}},"line":35},"4":{"name":"initTheme","decl":{"start":{"line":53,"column":9},"end":{"line":53,"column":18}},"loc":{"start":{"line":53,"column":21},"end":{"line":56,"column":1}},"line":53},"5":{"name":"toggleTheme","decl":{"start":{"line":58,"column":9},"end":{"line":58,"column":20}},"loc":{"start":{"line":58,"column":23},"end":{"line":61,"column":1}},"line":58},"6":{"name":"initializeData","decl":{"start":{"line":64,"column":9},"end":{"line":64,"column":23}},"loc":{"start":{"line":64,"column":26},"end":{"line":1157,"column":1}},"line":64},"7":{"name":"getCustomers","decl":{"start":{"line":1160,"column":9},"end":{"line":1160,"column":21}},"loc":{"start":{"line":1160,"column":24},"end":{"line":1162,"column":1}},"line":1160},"8":{"name":"getWorkTypes","decl":{"start":{"line":1164,"column":9},"end":{"line":1164,"column":21}},"loc":{"start":{"line":1164,"column":24},"end":{"line":1166,"column":1}},"line":1164},"9":{"name":"getJobs","decl":{"start":{"line":1168,"column":9},"end":{"line":1168,"column":16}},"loc":{"start":{"line":1168,"column":19},"end":{"line":1170,"column":1}},"line":1168},"10":{"name":"getPayments","decl":{"start":{"line":1172,"column":9},"end":{"line":1172,"column":20}},"loc":{"start":{"line":1172,"column":23},"end":{"line":1174,"column":1}},"line":1172},"11":{"name":"saveJob","decl":{"start":{"line":1176,"column":9},"end":{"line":1176,"column":16}},"loc":{"start":{"line":1176,"column":22},"end":{"line":1183,"column":1}},"line":1176},"12":{"name":"(anonymous_12)","decl":{"start":{"line":1178,"column":50},"end":{"line":1178,"column":51}},"loc":{"start":{"line":1178,"column":57},"end":{"line":1178,"column":61}},"line":1178},"13":{"name":"savePayment","decl":{"start":{"line":1185,"column":9},"end":{"line":1185,"column":20}},"loc":{"start":{"line":1185,"column":30},"end":{"line":1192,"column":1}},"line":1185},"14":{"name":"(anonymous_14)","decl":{"start":{"line":1187,"column":62},"end":{"line":1187,"column":63}},"loc":{"start":{"line":1187,"column":69},"end":{"line":1187,"column":73}},"line":1187},"15":{"name":"getNextMasterId","decl":{"start":{"line":1194,"column":9},"end":{"line":1194,"column":24}},"loc":{"start":{"line":1194,"column":32},"end":{"line":1196,"column":1}},"line":1194},"16":{"name":"(anonymous_16)","decl":{"start":{"line":1195,"column":50},"end":{"line":1195,"column":51}},"loc":{"start":{"line":1195,"column":60},"end":{"line":1195,"column":80}},"line":1195},"17":{"name":"isMasterActive","decl":{"start":{"line":1198,"column":9},"end":{"line":1198,"column":23}},"loc":{"start":{"line":1198,"column":30},"end":{"line":1200,"column":1}},"line":1198},"18":{"name":"getActiveCustomers","decl":{"start":{"line":1202,"column":9},"end":{"line":1202,"column":27}},"loc":{"start":{"line":1202,"column":30},"end":{"line":1204,"column":1}},"line":1202},"19":{"name":"getActiveWorkTypes","decl":{"start":{"line":1206,"column":9},"end":{"line":1206,"column":27}},"loc":{"start":{"line":1206,"column":30},"end":{"line":1208,"column":1}},"line":1206},"20":{"name":"getLocalDateString","decl":{"start":{"line":1210,"column":9},"end":{"line":1210,"column":27}},"loc":{"start":{"line":1210,"column":47},"end":{"line":1215,"column":1}},"line":1210},"21":{"name":"getDateStart","decl":{"start":{"line":1217,"column":9},"end":{"line":1217,"column":21}},"loc":{"start":{"line":1217,"column":31},"end":{"line":1219,"column":1}},"line":1217},"22":{"name":"getWeekStartDate","decl":{"start":{"line":1221,"column":9},"end":{"line":1221,"column":25}},"loc":{"start":{"line":1221,"column":45},"end":{"line":1227,"column":1}},"line":1221},"23":{"name":"getMonthStartDate","decl":{"start":{"line":1229,"column":9},"end":{"line":1229,"column":26}},"loc":{"start":{"line":1229,"column":46},"end":{"line":1231,"column":1}},"line":1229},"24":{"name":"getYearStartDate","decl":{"start":{"line":1233,"column":9},"end":{"line":1233,"column":25}},"loc":{"start":{"line":1233,"column":45},"end":{"line":1235,"column":1}},"line":1233},"25":{"name":"getHalfYearStartDate","decl":{"start":{"line":1237,"column":9},"end":{"line":1237,"column":29}},"loc":{"start":{"line":1237,"column":49},"end":{"line":1241,"column":1}},"line":1237},"26":{"name":"getMonthInputString","decl":{"start":{"line":1243,"column":9},"end":{"line":1243,"column":28}},"loc":{"start":{"line":1243,"column":48},"end":{"line":1247,"column":1}},"line":1243},"27":{"name":"getJobWorkMode","decl":{"start":{"line":1249,"column":9},"end":{"line":1249,"column":23}},"loc":{"start":{"line":1249,"column":29},"end":{"line":1251,"column":1}},"line":1249},"28":{"name":"getJobGroupKey","decl":{"start":{"line":1253,"column":9},"end":{"line":1253,"column":23}},"loc":{"start":{"line":1253,"column":29},"end":{"line":1258,"column":1}},"line":1253},"29":{"name":"groupJobsByCard","decl":{"start":{"line":1260,"column":9},"end":{"line":1260,"column":24}},"loc":{"start":{"line":1260,"column":31},"end":{"line":1289,"column":1}},"line":1260},"30":{"name":"(anonymous_30)","decl":{"start":{"line":1263,"column":15},"end":{"line":1263,"column":16}},"loc":{"start":{"line":1263,"column":24},"end":{"line":1269,"column":3}},"line":1263},"31":{"name":"(anonymous_31)","decl":{"start":{"line":1271,"column":35},"end":{"line":1271,"column":36}},"loc":{"start":{"line":1271,"column":57},"end":{"line":1288,"column":3}},"line":1271},"32":{"name":"(anonymous_32)","decl":{"start":{"line":1273,"column":6},"end":{"line":1273,"column":7}},"loc":{"start":{"line":1273,"column":16},"end":{"line":1273,"column":65}},"line":1273},"33":{"name":"(anonymous_33)","decl":{"start":{"line":1279,"column":37},"end":{"line":1279,"column":38}},"loc":{"start":{"line":1279,"column":51},"end":{"line":1279,"column":82}},"line":1279},"34":{"name":"(anonymous_34)","decl":{"start":{"line":1280,"column":34},"end":{"line":1280,"column":35}},"loc":{"start":{"line":1280,"column":48},"end":{"line":1280,"column":73}},"line":1280},"35":{"name":"(anonymous_35)","decl":{"start":{"line":1282,"column":8},"end":{"line":1282,"column":9}},"loc":{"start":{"line":1282,"column":22},"end":{"line":1282,"column":63}},"line":1282},"36":{"name":"(anonymous_36)","decl":{"start":{"line":1285,"column":39},"end":{"line":1285,"column":40}},"loc":{"start":{"line":1285,"column":53},"end":{"line":1285,"column":86}},"line":1285},"37":{"name":"getJobWorkName","decl":{"start":{"line":1291,"column":9},"end":{"line":1291,"column":23}},"loc":{"start":{"line":1291,"column":29},"end":{"line":1293,"column":1}},"line":1291},"38":{"name":"getJobPaymentStatus","decl":{"start":{"line":1295,"column":9},"end":{"line":1295,"column":28}},"loc":{"start":{"line":1295,"column":34},"end":{"line":1300,"column":1}},"line":1295},"39":{"name":"getJobPaymentMode","decl":{"start":{"line":1302,"column":9},"end":{"line":1302,"column":26}},"loc":{"start":{"line":1302,"column":32},"end":{"line":1304,"column":1}},"line":1302},"40":{"name":"getJobPaidAmount","decl":{"start":{"line":1306,"column":9},"end":{"line":1306,"column":25}},"loc":{"start":{"line":1306,"column":31},"end":{"line":1320,"column":1}},"line":1306},"41":{"name":"getJobDateValue","decl":{"start":{"line":1322,"column":9},"end":{"line":1322,"column":24}},"loc":{"start":{"line":1322,"column":30},"end":{"line":1324,"column":1}},"line":1322},"42":{"name":"isDateInRange","decl":{"start":{"line":1326,"column":9},"end":{"line":1326,"column":22}},"loc":{"start":{"line":1326,"column":52},"end":{"line":1328,"column":1}},"line":1326},"43":{"name":"getJobNetValue","decl":{"start":{"line":1330,"column":9},"end":{"line":1330,"column":23}},"loc":{"start":{"line":1330,"column":29},"end":{"line":1335,"column":1}},"line":1330},"44":{"name":"getJobSummary","decl":{"start":{"line":1337,"column":9},"end":{"line":1337,"column":22}},"loc":{"start":{"line":1337,"column":29},"end":{"line":1353,"column":1}},"line":1337},"45":{"name":"(anonymous_45)","decl":{"start":{"line":1338,"column":29},"end":{"line":1338,"column":30}},"loc":{"start":{"line":1338,"column":43},"end":{"line":1338,"column":74}},"line":1338},"46":{"name":"(anonymous_46)","decl":{"start":{"line":1339,"column":33},"end":{"line":1339,"column":34}},"loc":{"start":{"line":1339,"column":47},"end":{"line":1339,"column":88}},"line":1339},"47":{"name":"(anonymous_47)","decl":{"start":{"line":1340,"column":26},"end":{"line":1340,"column":27}},"loc":{"start":{"line":1340,"column":40},"end":{"line":1340,"column":65}},"line":1340},"48":{"name":"(anonymous_48)","decl":{"start":{"line":1341,"column":31},"end":{"line":1341,"column":32}},"loc":{"start":{"line":1341,"column":45},"end":{"line":1341,"column":72}},"line":1341},"49":{"name":"getPaymentsInRange","decl":{"start":{"line":1355,"column":9},"end":{"line":1355,"column":27}},"loc":{"start":{"line":1355,"column":58},"end":{"line":1357,"column":1}},"line":1355},"50":{"name":"(anonymous_50)","decl":{"start":{"line":1356,"column":25},"end":{"line":1356,"column":26}},"loc":{"start":{"line":1356,"column":38},"end":{"line":1356,"column":85}},"line":1356},"51":{"name":"getJobsInRange","decl":{"start":{"line":1359,"column":9},"end":{"line":1359,"column":23}},"loc":{"start":{"line":1359,"column":50},"end":{"line":1361,"column":1}},"line":1359},"52":{"name":"(anonymous_52)","decl":{"start":{"line":1360,"column":21},"end":{"line":1360,"column":22}},"loc":{"start":{"line":1360,"column":30},"end":{"line":1360,"column":85}},"line":1360}},"branchMap":{"0":{"loc":{"start":{"line":13,"column":9},"end":{"line":15,"column":13}},"type":"cond-expr","locations":[{"start":{"line":14,"column":6},"end":{"line":14,"column":12}},{"start":{"line":15,"column":6},"end":{"line":15,"column":13}}],"line":13},"1":{"loc":{"start":{"line":13,"column":9},"end":{"line":13,"column":87}},"type":"binary-expr","locations":[{"start":{"line":13,"column":9},"end":{"line":13,"column":26}},{"start":{"line":13,"column":30},"end":{"line":13,"column":87}}],"line":13},"2":{"loc":{"start":{"line":39,"column":2},"end":{"line":41,"column":1}},"type":"if","locations":[{"start":{"line":39,"column":2},"end":{"line":41,"column":1}},{"start":{},"end":{}}],"line":39},"3":{"loc":{"start":{"line":39,"column":6},"end":{"line":39,"column":23}},"type":"binary-expr","locations":[{"start":{"line":39,"column":6},"end":{"line":39,"column":13}},{"start":{"line":39,"column":17},"end":{"line":39,"column":23}}],"line":39},"4":{"loc":{"start":{"line":43,"column":22},"end":{"line":43,"column":47}},"type":"cond-expr","locations":[{"start":{"line":43,"column":31},"end":{"line":43,"column":38}},{"start":{"line":43,"column":41},"end":{"line":43,"column":47}}],"line":43},"5":{"loc":{"start":{"line":44,"column":17},"end":{"line":44,"column":72}},"type":"cond-expr","locations":[{"start":{"line":44,"column":26},"end":{"line":44,"column":48}},{"start":{"line":44,"column":51},"end":{"line":44,"column":72}}],"line":44},"6":{"loc":{"start":{"line":46,"column":2},"end":{"line":50,"column":3}},"type":"if","locations":[{"start":{"line":46,"column":2},"end":{"line":50,"column":3}},{"start":{},"end":{}}],"line":46},"7":{"loc":{"start":{"line":47,"column":21},"end":{"line":49,"column":69}},"type":"cond-expr","locations":[{"start":{"line":48,"column":8},"end":{"line":48,"column":251}},{"start":{"line":49,"column":8},"end":{"line":49,"column":69}}],"line":47},"8":{"loc":{"start":{"line":55,"column":13},"end":{"line":55,"column":38}},"type":"binary-expr","locations":[{"start":{"line":55,"column":13},"end":{"line":55,"column":18}},{"start":{"line":55,"column":22},"end":{"line":55,"column":38}}],"line":55},"9":{"loc":{"start":{"line":59,"column":18},"end":{"line":59,"column":86}},"type":"cond-expr","locations":[{"start":{"line":59,"column":70},"end":{"line":59,"column":76}},{"start":{"line":59,"column":79},"end":{"line":59,"column":86}}],"line":59},"10":{"loc":{"start":{"line":60,"column":13},"end":{"line":60,"column":50}},"type":"cond-expr","locations":[{"start":{"line":60,"column":34},"end":{"line":60,"column":41}},{"start":{"line":60,"column":44},"end":{"line":60,"column":50}}],"line":60},"11":{"loc":{"start":{"line":66,"column":2},"end":{"line":624,"column":3}},"type":"if","locations":[{"start":{"line":66,"column":2},"end":{"line":624,"column":3}},{"start":{},"end":{}}],"line":66},"12":{"loc":{"start":{"line":627,"column":2},"end":{"line":1142,"column":3}},"type":"if","locations":[{"start":{"line":627,"column":2},"end":{"line":1142,"column":3}},{"start":{},"end":{}}],"line":627},"13":{"loc":{"start":{"line":1145,"column":2},"end":{"line":1147,"column":3}},"type":"if","locations":[{"start":{"line":1145,"column":2},"end":{"line":1147,"column":3}},{"start":{},"end":{}}],"line":1145},"14":{"loc":{"start":{"line":1148,"column":2},"end":{"line":1151,"column":3}},"type":"if","locations":[{"start":{"line":1148,"column":2},"end":{"line":1151,"column":3}},{"start":{},"end":{}}],"line":1148},"15":{"loc":{"start":{"line":1154,"column":2},"end":{"line":1156,"column":3}},"type":"if","locations":[{"start":{"line":1154,"column":2},"end":{"line":1156,"column":3}},{"start":{},"end":{}}],"line":1154},"16":{"loc":{"start":{"line":1161,"column":20},"end":{"line":1161,"column":72}},"type":"binary-expr","locations":[{"start":{"line":1161,"column":20},"end":{"line":1161,"column":64}},{"start":{"line":1161,"column":68},"end":{"line":1161,"column":72}}],"line":1161},"17":{"loc":{"start":{"line":1165,"column":20},"end":{"line":1165,"column":73}},"type":"binary-expr","locations":[{"start":{"line":1165,"column":20},"end":{"line":1165,"column":65}},{"start":{"line":1165,"column":69},"end":{"line":1165,"column":73}}],"line":1165},"18":{"loc":{"start":{"line":1169,"column":20},"end":{"line":1169,"column":67}},"type":"binary-expr","locations":[{"start":{"line":1169,"column":20},"end":{"line":1169,"column":59}},{"start":{"line":1169,"column":63},"end":{"line":1169,"column":67}}],"line":1169},"19":{"loc":{"start":{"line":1173,"column":20},"end":{"line":1173,"column":71}},"type":"binary-expr","locations":[{"start":{"line":1173,"column":20},"end":{"line":1173,"column":63}},{"start":{"line":1173,"column":67},"end":{"line":1173,"column":71}}],"line":1173},"20":{"loc":{"start":{"line":1178,"column":11},"end":{"line":1178,"column":71}},"type":"cond-expr","locations":[{"start":{"line":1178,"column":29},"end":{"line":1178,"column":67}},{"start":{"line":1178,"column":70},"end":{"line":1178,"column":71}}],"line":1178},"21":{"loc":{"start":{"line":1187,"column":15},"end":{"line":1187,"column":83}},"type":"cond-expr","locations":[{"start":{"line":1187,"column":37},"end":{"line":1187,"column":79}},{"start":{"line":1187,"column":82},"end":{"line":1187,"column":83}}],"line":1187},"22":{"loc":{"start":{"line":1195,"column":9},"end":{"line":1195,"column":90}},"type":"cond-expr","locations":[{"start":{"line":1195,"column":28},"end":{"line":1195,"column":86}},{"start":{"line":1195,"column":89},"end":{"line":1195,"column":90}}],"line":1195},"23":{"loc":{"start":{"line":1195,"column":60},"end":{"line":1195,"column":80}},"type":"binary-expr","locations":[{"start":{"line":1195,"column":60},"end":{"line":1195,"column":75}},{"start":{"line":1195,"column":79},"end":{"line":1195,"column":80}}],"line":1195},"24":{"loc":{"start":{"line":1199,"column":9},"end":{"line":1199,"column":40}},"type":"binary-expr","locations":[{"start":{"line":1199,"column":9},"end":{"line":1199,"column":13}},{"start":{"line":1199,"column":17},"end":{"line":1199,"column":40}}],"line":1199},"25":{"loc":{"start":{"line":1210,"column":28},"end":{"line":1210,"column":45}},"type":"default-arg","locations":[{"start":{"line":1210,"column":35},"end":{"line":1210,"column":45}}],"line":1210},"26":{"loc":{"start":{"line":1221,"column":26},"end":{"line":1221,"column":43}},"type":"default-arg","locations":[{"start":{"line":1221,"column":33},"end":{"line":1221,"column":43}}],"line":1221},"27":{"loc":{"start":{"line":1224,"column":17},"end":{"line":1224,"column":41}},"type":"cond-expr","locations":[{"start":{"line":1224,"column":29},"end":{"line":1224,"column":31}},{"start":{"line":1224,"column":34},"end":{"line":1224,"column":41}}],"line":1224},"28":{"loc":{"start":{"line":1229,"column":27},"end":{"line":1229,"column":44}},"type":"default-arg","locations":[{"start":{"line":1229,"column":34},"end":{"line":1229,"column":44}}],"line":1229},"29":{"loc":{"start":{"line":1233,"column":26},"end":{"line":1233,"column":43}},"type":"default-arg","locations":[{"start":{"line":1233,"column":33},"end":{"line":1233,"column":43}}],"line":1233},"30":{"loc":{"start":{"line":1237,"column":30},"end":{"line":1237,"column":47}},"type":"default-arg","locations":[{"start":{"line":1237,"column":37},"end":{"line":1237,"column":47}}],"line":1237},"31":{"loc":{"start":{"line":1239,"column":21},"end":{"line":1239,"column":38}},"type":"cond-expr","locations":[{"start":{"line":1239,"column":33},"end":{"line":1239,"column":34}},{"start":{"line":1239,"column":37},"end":{"line":1239,"column":38}}],"line":1239},"32":{"loc":{"start":{"line":1243,"column":29},"end":{"line":1243,"column":46}},"type":"default-arg","locations":[{"start":{"line":1243,"column":36},"end":{"line":1243,"column":46}}],"line":1243},"33":{"loc":{"start":{"line":1250,"column":9},"end":{"line":1250,"column":63}},"type":"binary-expr","locations":[{"start":{"line":1250,"column":9},"end":{"line":1250,"column":21}},{"start":{"line":1250,"column":26},"end":{"line":1250,"column":62}}],"line":1250},"34":{"loc":{"start":{"line":1250,"column":26},"end":{"line":1250,"column":62}},"type":"cond-expr","locations":[{"start":{"line":1250,"column":43},"end":{"line":1250,"column":49}},{"start":{"line":1250,"column":52},"end":{"line":1250,"column":62}}],"line":1250},"35":{"loc":{"start":{"line":1254,"column":2},"end":{"line":1256,"column":3}},"type":"if","locations":[{"start":{"line":1254,"column":2},"end":{"line":1256,"column":3}},{"start":{},"end":{}}],"line":1254},"36":{"loc":{"start":{"line":1265,"column":4},"end":{"line":1267,"column":5}},"type":"if","locations":[{"start":{"line":1265,"column":4},"end":{"line":1267,"column":5}},{"start":{},"end":{}}],"line":1265},"37":{"loc":{"start":{"line":1273,"column":17},"end":{"line":1273,"column":38}},"type":"binary-expr","locations":[{"start":{"line":1273,"column":17},"end":{"line":1273,"column":30}},{"start":{"line":1273,"column":34},"end":{"line":1273,"column":38}}],"line":1273},"38":{"loc":{"start":{"line":1273,"column":43},"end":{"line":1273,"column":64}},"type":"binary-expr","locations":[{"start":{"line":1273,"column":43},"end":{"line":1273,"column":56}},{"start":{"line":1273,"column":60},"end":{"line":1273,"column":64}}],"line":1273},"39":{"loc":{"start":{"line":1279,"column":58},"end":{"line":1279,"column":81}},"type":"binary-expr","locations":[{"start":{"line":1279,"column":58},"end":{"line":1279,"column":76}},{"start":{"line":1279,"column":80},"end":{"line":1279,"column":81}}],"line":1279},"40":{"loc":{"start":{"line":1282,"column":29},"end":{"line":1282,"column":62}},"type":"binary-expr","locations":[{"start":{"line":1282,"column":29},"end":{"line":1282,"column":57}},{"start":{"line":1282,"column":61},"end":{"line":1282,"column":62}}],"line":1282},"41":{"loc":{"start":{"line":1285,"column":60},"end":{"line":1285,"column":85}},"type":"binary-expr","locations":[{"start":{"line":1285,"column":60},"end":{"line":1285,"column":80}},{"start":{"line":1285,"column":84},"end":{"line":1285,"column":85}}],"line":1285},"42":{"loc":{"start":{"line":1292,"column":9},"end":{"line":1292,"column":47}},"type":"binary-expr","locations":[{"start":{"line":1292,"column":9},"end":{"line":1292,"column":21}},{"start":{"line":1292,"column":25},"end":{"line":1292,"column":41}},{"start":{"line":1292,"column":45},"end":{"line":1292,"column":47}}],"line":1292},"43":{"loc":{"start":{"line":1296,"column":2},"end":{"line":1298,"column":1}},"type":"if","locations":[{"start":{"line":1296,"column":2},"end":{"line":1298,"column":1}},{"start":{},"end":{}}],"line":1296},"44":{"loc":{"start":{"line":1299,"column":9},"end":{"line":1299,"column":55}},"type":"cond-expr","locations":[{"start":{"line":1299,"column":37},"end":{"line":1299,"column":43}},{"start":{"line":1299,"column":46},"end":{"line":1299,"column":55}}],"line":1299},"45":{"loc":{"start":{"line":1303,"column":9},"end":{"line":1303,"column":31}},"type":"binary-expr","locations":[{"start":{"line":1303,"column":9},"end":{"line":1303,"column":24}},{"start":{"line":1303,"column":28},"end":{"line":1303,"column":31}}],"line":1303},"46":{"loc":{"start":{"line":1307,"column":2},"end":{"line":1309,"column":3}},"type":"if","locations":[{"start":{"line":1307,"column":2},"end":{"line":1309,"column":3}},{"start":{},"end":{}}],"line":1307},"47":{"loc":{"start":{"line":1311,"column":2},"end":{"line":1317,"column":3}},"type":"if","locations":[{"start":{"line":1311,"column":2},"end":{"line":1317,"column":3}},{"start":{},"end":{}}],"line":1311},"48":{"loc":{"start":{"line":1311,"column":7},"end":{"line":1311,"column":30}},"type":"binary-expr","locations":[{"start":{"line":1311,"column":7},"end":{"line":1311,"column":24}},{"start":{"line":1311,"column":28},"end":{"line":1311,"column":30}}],"line":1311},"49":{"loc":{"start":{"line":1313,"column":6},"end":{"line":1315,"column":73}},"type":"cond-expr","locations":[{"start":{"line":1314,"column":10},"end":{"line":1314,"column":23}},{"start":{"line":1315,"column":10},"end":{"line":1315,"column":73}}],"line":1313},"50":{"loc":{"start":{"line":1315,"column":11},"end":{"line":1315,"column":34}},"type":"binary-expr","locations":[{"start":{"line":1315,"column":11},"end":{"line":1315,"column":29}},{"start":{"line":1315,"column":33},"end":{"line":1315,"column":34}}],"line":1315},"51":{"loc":{"start":{"line":1315,"column":39},"end":{"line":1315,"column":72}},"type":"binary-expr","locations":[{"start":{"line":1315,"column":39},"end":{"line":1315,"column":67}},{"start":{"line":1315,"column":71},"end":{"line":1315,"column":72}}],"line":1315},"52":{"loc":{"start":{"line":1323,"column":9},"end":{"line":1323,"column":41}},"type":"binary-expr","locations":[{"start":{"line":1323,"column":9},"end":{"line":1323,"column":17}},{"start":{"line":1323,"column":21},"end":{"line":1323,"column":41}}],"line":1323},"53":{"loc":{"start":{"line":1327,"column":9},"end":{"line":1327,"column":81}},"type":"binary-expr","locations":[{"start":{"line":1327,"column":10},"end":{"line":1327,"column":20}},{"start":{"line":1327,"column":24},"end":{"line":1327,"column":44}},{"start":{"line":1327,"column":50},"end":{"line":1327,"column":58}},{"start":{"line":1327,"column":62},"end":{"line":1327,"column":80}}],"line":1327},"54":{"loc":{"start":{"line":1331,"column":2},"end":{"line":1333,"column":3}},"type":"if","locations":[{"start":{"line":1331,"column":2},"end":{"line":1333,"column":3}},{"start":{},"end":{}}],"line":1331},"55":{"loc":{"start":{"line":1334,"column":10},"end":{"line":1334,"column":33}},"type":"binary-expr","locations":[{"start":{"line":1334,"column":10},"end":{"line":1334,"column":28}},{"start":{"line":1334,"column":32},"end":{"line":1334,"column":33}}],"line":1334},"56":{"loc":{"start":{"line":1334,"column":38},"end":{"line":1334,"column":71}},"type":"binary-expr","locations":[{"start":{"line":1334,"column":38},"end":{"line":1334,"column":66}},{"start":{"line":1334,"column":70},"end":{"line":1334,"column":71}}],"line":1334},"57":{"loc":{"start":{"line":1338,"column":50},"end":{"line":1338,"column":73}},"type":"binary-expr","locations":[{"start":{"line":1338,"column":50},"end":{"line":1338,"column":68}},{"start":{"line":1338,"column":72},"end":{"line":1338,"column":73}}],"line":1338},"58":{"loc":{"start":{"line":1339,"column":54},"end":{"line":1339,"column":87}},"type":"binary-expr","locations":[{"start":{"line":1339,"column":54},"end":{"line":1339,"column":82}},{"start":{"line":1339,"column":86},"end":{"line":1339,"column":87}}],"line":1339}},"s":{"0":0,"1":0,"2":0,"3":0,"4":0,"5":0,"6":0,"7":0,"8":0,"9":0,"10":0,"11":0,"12":0,"13":0,"14":0,"15":0,"16":0,"17":0,"18":0,"19":0,"20":0,"21":0,"22":0,"23":0,"24":0,"25":0,"26":0,"27":0,"28":0,"29":0,"30":0,"31":0,"32":0,"33":0,"34":0,"35":0,"36":0,"37":0,"38":0,"39":0,"40":0,"41":0,"42":0,"43":0,"44":0,"45":0,"46":0,"47":0,"48":0,"49":0,"50":0,"51":0,"52":0,"53":0,"54":0,"55":0,"56":0,"57":0,"58":0,"59":0,"60":0,"61":0,"62":0,"63":0,"64":0,"65":0,"66":0,"67":0,"68":0,"69":0,"70":0,"71":0,"72":0,"73":0,"74":0,"75":0,"76":0,"77":0,"78":0,"79":0,"80":0,"81":0,"82":0,"83":0,"84":0,"85":0,"86":0,"87":0,"88":0,"89":0,"90":0,"91":0,"92":0,"93":0,"94":0,"95":0,"96":0,"97":0,"98":0,"99":0,"100":0,"101":0,"102":0,"103":0,"104":0,"105":0,"106":0,"107":0,"108":0,"109":0,"110":0,"111":0,"112":0,"113":0,"114":0,"115":0,"116":0,"117":0,"118":0,"119":0,"120":0,"121":0,"122":0,"123":0,"124":0,"125":0,"126":0,"127":0,"128":0},"f":{"0":0,"1":0,"2":0,"3":0,"4":0,"5":0,"6":0,"7":0,"8":0,"9":0,"10":0,"11":0,"12":0,"13":0,"14":0,"15":0,"16":0,"17":0,"18":0,"19":0,"20":0,"21":0,"22":0,"23":0,"24":0,"25":0,"26":0,"27":0,"28":0,"29":0,"30":0,"31":0,"32":0,"33":0,"34":0,"35":0,"36":0,"37":0,"38":0,"39":0,"40":0,"41":0,"42":0,"43":0,"44":0,"45":0,"46":0,"47":0,"48":0,"49":0,"50":0,"51":0,"52":0},"b":{"0":[0,0],"1":[0,0],"2":[0,0],"3":[0,0],"4":[0,0],"5":[0,0],"6":[0,0],"7":[0,0],"8":[0,0],"9":[0,0],"10":[0,0],"11":[0,0],"12":[0,0],"13":[0,0],"14":[0,0],"15":[0,0],"16":[0,0],"17":[0,0],"18":[0,0],"19":[0,0],"20":[0,0],"21":[0,0],"22":[0,0],"23":[0,0],"24":[0,0],"25":[0],"26":[0],"27":[0,0],"28":[0],"29":[0],"30":[0],"31":[0,0],"32":[0],"33":[0,0],"34":[0,0],"35":[0,0],"36":[0,0],"37":[0,0],"38":[0,0],"39":[0,0],"40":[0,0],"41":[0,0],"42":[0,0,0],"43":[0,0],"44":[0,0],"45":[0,0],"46":[0,0],"47":[0,0],"48":[0,0],"49":[0,0],"50":[0,0],"51":[0,0],"52":[0,0],"53":[0,0,0,0],"54":[0,0],"55":[0,0],"56":[0,0],"57":[0,0],"58":[0,0]}}
,"C:\\Users\\senth\\Downloads\\SLW\\src\\js\\dropdowns.js": {"path":"C:\\Users\\senth\\Downloads\\SLW\\src\\js\\dropdowns.js","statementMap":{"0":{"start":{"line":3,"column":16},"end":{"line":3,"column":48}},"1":{"start":{"line":4,"column":19},"end":{"line":4,"column":54}},"2":{"start":{"line":5,"column":19},"end":{"line":5,"column":68}},"3":{"start":{"line":5,"column":63},"end":{"line":5,"column":68}},"4":{"start":{"line":8,"column":4},"end":{"line":8,"column":28}},"5":{"start":{"line":12,"column":4},"end":{"line":16,"column":5}},"6":{"start":{"line":13,"column":6},"end":{"line":14,"column":118}},"7":{"start":{"line":15,"column":6},"end":{"line":15,"column":13}},"8":{"start":{"line":18,"column":15},"end":{"line":18,"column":17}},"9":{"start":{"line":19,"column":26},"end":{"line":19,"column":30}},"10":{"start":{"line":21,"column":4},"end":{"line":27,"column":7}},"11":{"start":{"line":22,"column":6},"end":{"line":25,"column":7}},"12":{"start":{"line":23,"column":8},"end":{"line":23,"column":40}},"13":{"start":{"line":24,"column":8},"end":{"line":24,"column":74}},"14":{"start":{"line":26,"column":6},"end":{"line":26,"column":31}},"15":{"start":{"line":29,"column":4},"end":{"line":29,"column":30}},"16":{"start":{"line":32,"column":4},"end":{"line":42,"column":7}},"17":{"start":{"line":33,"column":6},"end":{"line":41,"column":9}},"18":{"start":{"line":34,"column":23},"end":{"line":34,"column":46}},"19":{"start":{"line":35,"column":21},"end":{"line":35,"column":64}},"20":{"start":{"line":35,"column":48},"end":{"line":35,"column":63}},"21":{"start":{"line":36,"column":8},"end":{"line":40,"column":9}},"22":{"start":{"line":37,"column":10},"end":{"line":37,"column":25}},"23":{"start":{"line":38,"column":10},"end":{"line":38,"column":34}},"24":{"start":{"line":39,"column":10},"end":{"line":39,"column":44}},"25":{"start":{"line":45,"column":2},"end":{"line":48,"column":5}},"26":{"start":{"line":46,"column":4},"end":{"line":46,"column":35}},"27":{"start":{"line":47,"column":4},"end":{"line":47,"column":35}},"28":{"start":{"line":50,"column":2},"end":{"line":58,"column":5}},"29":{"start":{"line":51,"column":18},"end":{"line":51,"column":43}},"30":{"start":{"line":52,"column":21},"end":{"line":55,"column":6}},"31":{"start":{"line":53,"column":20},"end":{"line":53,"column":40}},"32":{"start":{"line":54,"column":6},"end":{"line":54,"column":70}},"33":{"start":{"line":54,"column":34},"end":{"line":54,"column":68}},"34":{"start":{"line":56,"column":4},"end":{"line":56,"column":29}},"35":{"start":{"line":57,"column":4},"end":{"line":57,"column":35}},"36":{"start":{"line":60,"column":2},"end":{"line":64,"column":5}},"37":{"start":{"line":61,"column":4},"end":{"line":63,"column":5}},"38":{"start":{"line":62,"column":6},"end":{"line":62,"column":40}}},"fnMap":{"0":{"name":"setupSearchableDropdown","decl":{"start":{"line":2,"column":9},"end":{"line":2,"column":32}},"loc":{"start":{"line":2,"column":99},"end":{"line":65,"column":1}},"line":2},"1":{"name":"(anonymous_1)","decl":{"start":{"line":5,"column":57},"end":{"line":5,"column":58}},"loc":{"start":{"line":5,"column":63},"end":{"line":5,"column":68}},"line":5},"2":{"name":"resolveItems","decl":{"start":{"line":7,"column":11},"end":{"line":7,"column":23}},"loc":{"start":{"line":7,"column":26},"end":{"line":9,"column":3}},"line":7},"3":{"name":"renderDropdown","decl":{"start":{"line":11,"column":11},"end":{"line":11,"column":25}},"loc":{"start":{"line":11,"column":41},"end":{"line":43,"column":3}},"line":11},"4":{"name":"(anonymous_4)","decl":{"start":{"line":21,"column":26},"end":{"line":21,"column":27}},"loc":{"start":{"line":21,"column":36},"end":{"line":27,"column":5}},"line":21},"5":{"name":"(anonymous_5)","decl":{"start":{"line":32,"column":56},"end":{"line":32,"column":57}},"loc":{"start":{"line":32,"column":64},"end":{"line":42,"column":5}},"line":32},"6":{"name":"(anonymous_6)","decl":{"start":{"line":33,"column":35},"end":{"line":33,"column":36}},"loc":{"start":{"line":33,"column":41},"end":{"line":41,"column":7}},"line":33},"7":{"name":"(anonymous_7)","decl":{"start":{"line":35,"column":41},"end":{"line":35,"column":42}},"loc":{"start":{"line":35,"column":48},"end":{"line":35,"column":63}},"line":35},"8":{"name":"(anonymous_8)","decl":{"start":{"line":45,"column":34},"end":{"line":45,"column":35}},"loc":{"start":{"line":45,"column":40},"end":{"line":48,"column":3}},"line":45},"9":{"name":"(anonymous_9)","decl":{"start":{"line":50,"column":34},"end":{"line":50,"column":35}},"loc":{"start":{"line":50,"column":40},"end":{"line":58,"column":3}},"line":50},"10":{"name":"(anonymous_10)","decl":{"start":{"line":52,"column":43},"end":{"line":52,"column":44}},"loc":{"start":{"line":52,"column":53},"end":{"line":55,"column":5}},"line":52},"11":{"name":"(anonymous_11)","decl":{"start":{"line":54,"column":24},"end":{"line":54,"column":25}},"loc":{"start":{"line":54,"column":34},"end":{"line":54,"column":68}},"line":54},"12":{"name":"(anonymous_12)","decl":{"start":{"line":60,"column":37},"end":{"line":60,"column":38}},"loc":{"start":{"line":60,"column":44},"end":{"line":64,"column":3}},"line":60}},"branchMap":{"0":{"loc":{"start":{"line":5,"column":19},"end":{"line":5,"column":68}},"type":"cond-expr","locations":[{"start":{"line":5,"column":49},"end":{"line":5,"column":54}},{"start":{"line":5,"column":57},"end":{"line":5,"column":68}}],"line":5},"1":{"loc":{"start":{"line":8,"column":11},"end":{"line":8,"column":27}},"type":"binary-expr","locations":[{"start":{"line":8,"column":11},"end":{"line":8,"column":21}},{"start":{"line":8,"column":25},"end":{"line":8,"column":27}}],"line":8},"2":{"loc":{"start":{"line":12,"column":4},"end":{"line":16,"column":5}},"type":"if","locations":[{"start":{"line":12,"column":4},"end":{"line":16,"column":5}},{"start":{},"end":{}}],"line":12},"3":{"loc":{"start":{"line":22,"column":6},"end":{"line":25,"column":7}},"type":"if","locations":[{"start":{"line":22,"column":6},"end":{"line":25,"column":7}},{"start":{},"end":{}}],"line":22},"4":{"loc":{"start":{"line":22,"column":10},"end":{"line":22,"column":60}},"type":"binary-expr","locations":[{"start":{"line":22,"column":10},"end":{"line":22,"column":23}},{"start":{"line":22,"column":27},"end":{"line":22,"column":60}}],"line":22},"5":{"loc":{"start":{"line":36,"column":8},"end":{"line":40,"column":9}},"type":"if","locations":[{"start":{"line":36,"column":8},"end":{"line":40,"column":9}},{"start":{},"end":{}}],"line":36},"6":{"loc":{"start":{"line":61,"column":4},"end":{"line":63,"column":5}},"type":"if","locations":[{"start":{"line":61,"column":4},"end":{"line":63,"column":5}},{"start":{},"end":{}}],"line":61},"7":{"loc":{"start":{"line":61,"column":8},"end":{"line":61,"column":79}},"type":"binary-expr","locations":[{"start":{"line":61,"column":8},"end":{"line":61,"column":40}},{"start":{"line":61,"column":44},"end":{"line":61,"column":79}}],"line":61}},"s":{"0":0,"1":0,"2":0,"3":0,"4":0,"5":0,"6":0,"7":0,"8":0,"9":0,"10":0,"11":0,"12":0,"13":0,"14":0,"15":0,"16":0,"17":0,"18":0,"19":0,"20":0,"21":0,"22":0,"23":0,"24":0,"25":0,"26":0,"27":0,"28":0,"29":0,"30":0,"31":0,"32":0,"33":0,"34":0,"35":0,"36":0,"37":0,"38":0},"f":{"0":0,"1":0,"2":0,"3":0,"4":0,"5":0,"6":0,"7":0,"8":0,"9":0,"10":0,"11":0,"12":0},"b":{"0":[0,0],"1":[0,0],"2":[0,0],"3":[0,0],"4":[0,0],"5":[0,0],"6":[0,0],"7":[0,0]}}
,"C:\\Users\\senth\\Downloads\\SLW\\src\\js\\history.js": {"path":"C:\\Users\\senth\\Downloads\\SLW\\src\\js\\history.js","statementMap":{"0":{"start":{"line":3,"column":15},"end":{"line":3,"column":24}},"1":{"start":{"line":4,"column":20},"end":{"line":4,"column":34}},"2":{"start":{"line":7,"column":25},"end":{"line":7,"column":67}},"3":{"start":{"line":8,"column":2},"end":{"line":15,"column":16}},"4":{"start":{"line":13,"column":10},"end":{"line":13,"column":98}},"5":{"start":{"line":18,"column":24},"end":{"line":18,"column":66}},"6":{"start":{"line":19,"column":22},"end":{"line":19,"column":62}},"7":{"start":{"line":20,"column":25},"end":{"line":20,"column":68}},"8":{"start":{"line":21,"column":23},"end":{"line":21,"column":64}},"9":{"start":{"line":23,"column":2},"end":{"line":30,"column":3}},"10":{"start":{"line":24,"column":18},"end":{"line":24,"column":28}},"11":{"start":{"line":25,"column":26},"end":{"line":25,"column":41}},"12":{"start":{"line":26,"column":4},"end":{"line":26,"column":56}},"13":{"start":{"line":28,"column":4},"end":{"line":28,"column":60}},"14":{"start":{"line":29,"column":4},"end":{"line":29,"column":50}},"15":{"start":{"line":33,"column":16},"end":{"line":33,"column":36}},"16":{"start":{"line":34,"column":23},"end":{"line":34,"column":44}},"17":{"start":{"line":35,"column":2},"end":{"line":35,"column":28}},"18":{"start":{"line":36,"column":2},"end":{"line":36,"column":26}},"19":{"start":{"line":37,"column":2},"end":{"line":39,"column":1}},"20":{"start":{"line":38,"column":0},"end":{"line":38,"column":34}},"21":{"start":{"line":40,"column":2},"end":{"line":42,"column":1}},"22":{"start":{"line":41,"column":0},"end":{"line":41,"column":32}},"23":{"start":{"line":44,"column":2},"end":{"line":44,"column":25}},"24":{"start":{"line":48,"column":19},"end":{"line":48,"column":67}},"25":{"start":{"line":49,"column":17},"end":{"line":49,"column":63}},"26":{"start":{"line":50,"column":21},"end":{"line":50,"column":69}},"27":{"start":{"line":52,"column":17},"end":{"line":52,"column":21}},"28":{"start":{"line":54,"column":2},"end":{"line":56,"column":3}},"29":{"start":{"line":55,"column":4},"end":{"line":55,"column":58}},"30":{"start":{"line":55,"column":38},"end":{"line":55,"column":56}},"31":{"start":{"line":57,"column":2},"end":{"line":59,"column":3}},"32":{"start":{"line":58,"column":4},"end":{"line":58,"column":56}},"33":{"start":{"line":58,"column":38},"end":{"line":58,"column":54}},"34":{"start":{"line":60,"column":2},"end":{"line":62,"column":3}},"35":{"start":{"line":61,"column":4},"end":{"line":61,"column":77}},"36":{"start":{"line":61,"column":38},"end":{"line":61,"column":75}},"37":{"start":{"line":64,"column":2},"end":{"line":64,"column":74}},"38":{"start":{"line":64,"column":37},"end":{"line":64,"column":72}},"39":{"start":{"line":66,"column":16},"end":{"line":66,"column":58}},"40":{"start":{"line":68,"column":2},"end":{"line":77,"column":3}},"41":{"start":{"line":69,"column":4},"end":{"line":75,"column":6}},"42":{"start":{"line":76,"column":4},"end":{"line":76,"column":11}},"43":{"start":{"line":79,"column":2},"end":{"line":103,"column":14}},"44":{"start":{"line":81,"column":13},"end":{"line":101,"column":3}}},"fnMap":{"0":{"name":"refreshJobHistory","decl":{"start":{"line":2,"column":9},"end":{"line":2,"column":26}},"loc":{"start":{"line":2,"column":29},"end":{"line":45,"column":1}},"line":2},"1":{"name":"(anonymous_1)","decl":{"start":{"line":12,"column":8},"end":{"line":12,"column":9}},"loc":{"start":{"line":13,"column":10},"end":{"li
[...]
column":34}}],"line":399},"57":{"loc":{"start":{"line":418,"column":2},"end":{"line":420,"column":1}},"type":"if","locations":[{"start":{"line":418,"column":2},"end":{"line":420,"column":1}},{"start":{},"end":{}}],"line":418},"58":{"loc":{"start":{"line":432,"column":2},"end":{"line":434,"column":1}},"type":"if","locations":[{"start":{"line":432,"column":2},"end":{"line":434,"column":1}},{"start":{},"end":{}}],"line":432},"59":{"loc":{"start":{"line":438,"column":2},"end":{"line":450,"column":3}},"type":"if","locations":[{"start":{"line":438,"column":2},"end":{"line":450,"column":3}},{"start":{},"end":{}}],"line":438},"60":{"loc":{"start":{"line":468,"column":16},"end":{"line":474,"column":27}},"type":"cond-expr","locations":[{"start":{"line":469,"column":20},"end":{"line":469,"column":54}},{"start":{"line":470,"column":20},"end":{"line":474,"column":27}}],"line":468},"61":{"loc":{"start":{"line":470,"column":20},"end":{"line":474,"column":27}},"type":"cond-expr","locations":[{"start":{"line":471,"column":22},"end":{"line":471,"column":108}},{"start":{"line":472,"column":22},"end":{"line":474,"column":27}}],"line":470},"62":{"loc":{"start":{"line":472,"column":22},"end":{"line":474,"column":27}},"type":"cond-expr","locations":[{"start":{"line":473,"column":24},"end":{"line":473,"column":47}},{"start":{"line":474,"column":24},"end":{"line":474,"column":27}}],"line":472}},"s":{"0":0,"1":0,"2":0,"3":0,"4":0,"5":0,"6":0,"7":0,"8":0,"9":0,"10":0,"11":0,"12":0,"13":0,"14":0,"15":0,"16":0,"17":0,"18":0,"19":0,"20":0,"21":0,"22":0,"23":0,"24":0,"25":0,"26":0,"27":0,"28":0,"29":0,"30":0,"31":0,"32":0,"33":0,"34":0,"35":0,"36":0,"37":0,"38":0,"39":0,"40":0,"41":0,"42":0,"43":0,"44":0,"45":0,"46":0,"47":0,"48":0,"49":0,"50":0,"51":0,"52":0,"53":0,"54":0,"55":0,"56":0,"57":0,"58":0,"59":0,"60":0,"61":0,"62":0,"63":0,"64":0,"65":0,"66":0,"67":0,"68":0,"69":0,"70":0,"71":0,"72":0,"73":0,"74":0,"75":0,"76":0,"77":0,"78":0,"79":0,"80":0,"81":0,"82":0,"83":0,"84":0,"85":0,"86":0,"87":0,"88":0,"89":0,"90":0,"91":0,"92":0,"93":0,"94":0,"95":0,"96":0,"97":0,"98":0,"99":0,"100":0,"101":0,"102":0,"103":0,"104":0,"105":0,"106":0,"107":0,"108":0,"109":0,"110":0,"111":0,"112":0,"113":0,"114":0,"115":0,"116":0,"117":0,"118":0,"119":0,"120":0,"121":0,"122":0,"123":0,"124":0,"125":0,"126":0,"127":0,"128":0,"129":0,"130":0,"131":0,"132":0,"133":0,"134":0,"135":0,"136":0,"137":0,"138":0,"139":0,"140":0,"141":0,"142":0,"143":0,"144":0,"145":0,"146":0,"147":0,"148":0,"149":0,"150":0,"151":0,"152":0,"153":0,"154":0,"155":0,"156":0,"157":0,"158":0,"159":0,"160":0,"161":0,"162":0,"163":0,"164":0,"165":0,"166":0,"167":0,"168":0,"169":0,"170":0,"171":0,"172":0,"173":0,"174":0,"175":0,"176":0,"177":0,"178":0,"179":0,"180":0,"181":0,"182":0,"183":0,"184":0,"185":0,"186":0,"187":0,"188":0,"189":0,"190":0,"191":0,"192":0,"193":0,"194":0,"195":0,"196":0,"197":0,"198":0,"199":0,"200":0},"f":{"0":0,"1":0,"2":0,"3":0,"4":0,"5":0,"6":0,"7":0,"8":0,"9":0,"10":0,"11":0,"12":0,"13":0,"14":0,"15":0,"16":0,"17":0,"18":0,"19":0,"20":0,"21":0,"22":0,"23":0,"24":0,"25":0,"26":0,"27":0,"28":0,"29":0,"30":0,"31":0,"32":0,"33":0,"34":0,"35":0,"36":0,"37":0,"38":0,"39":0,"40":0,"41":0,"42":0,"43":0,"44":0,"45":0,"46":0,"47":0,"48":0},"b":{"0":[0,0],"1":[0,0],"2":[0,0],"3":[0,0],"4":[0,0],"5":[0,0],"6":[0,0],"7":[0,0],"8":[0,0],"9":[0,0],"10":[0,0],"11":[0,0],"12":[0,0],"13":[0,0],"14":[0,0],"15":[0,0],"16":[0,0],"17":[0,0],"18":[0,0],"19":[0,0],"20":[0,0],"21":[0,0],"22":[0,0],"23":[0,0],"24":[0,0,0],"25":[0,0],"26":[0,0],"27":[0,0],"28":[0,0],"29":[0,0],"30":[0,0],"31":[0,0,0],"32":[0,0],"33":[0,0],"34":[0,0],"35":[0,0],"36":[0,0],"37":[0,0,0],"38":[0,0],"39":[0,0],"40":[0,0],"41":[0,0],"42":[0,0],"43":[0,0],"44":[0,0],"45":[0,0],"46":[0,0,0],"47":[0,0],"48":[0,0],"49":[0,0],"50":[0,0],"51":[0,0],"52":[0,0],"53":[0,0],"54":[0,0],"55":[0,0],"56":[0,0],"57":[0,0],"58":[0,0],"59":[0,0],"60":[0,0],"61":[0,0],"62":[0,0]}}
,"C:\\Users\\senth\\Downloads\\SLW\\src\\js\\utils.js": {"path":"C:\\Users\\senth\\Downloads\\SLW\\src\\js\\utils.js","statementMap":{"0":{"start":{"line":3,"column":2},"end":{"line":3,"column":54}},"1":{"start":{"line":7,"column":15},"end":{"line":7,"column":46}},"2":{"start":{"line":8,"column":2},"end":{"line":8,"column":78}},"3":{"start":{"line":12,"column":20},"end":{"line":12,"column":61}},"4":{"start":{"line":13,"column":16},"end":{"line":13,"column":45}},"5":{"start":{"line":14,"column":2},"end":{"line":14,"column":36}},"6":{"start":{"line":15,"column":2},"end":{"line":27,"column":4}},"7":{"start":{"line":28,"column":2},"end":{"line":28,"column":31}},"8":{"start":{"line":29,"column":2},"end":{"line":32,"column":11}},"9":{"start":{"line":30,"column":4},"end":{"line":30,"column":56}},"10":{"start":{"line":31,"column":4},"end":{"line":31,"column":42}},"11":{"start":{"line":31,"column":21},"end":{"line":31,"column":35}},"12":{"start":{"line":37,"column":18},"end":{"line":37,"column":49}},"13":{"start":{"line":38,"column":2},"end":{"line":38,"column":74}},"14":{"start":{"line":42,"column":16},"end":{"line":42,"column":26}},"15":{"start":{"line":43,"column":2},"end":{"line":46,"column":3}},"16":{"start":{"line":44,"column":16},"end":{"line":44,"column":41}},"17":{"start":{"line":45,"column":4},"end":{"line":45,"column":34}},"18":{"start":{"line":47,"column":2},"end":{"line":49,"column":3}},"19":{"start":{"line":48,"column":4},"end":{"line":48,"column":76}},"20":{"start":{"line":50,"column":2},"end":{"line":52,"column":3}},"21":{"start":{"line":51,"column":4},"end":{"line":51,"column":77}},"22":{"start":{"line":53,"column":2},"end":{"line":55,"column":3}},"23":{"start":{"line":54,"column":4},"end":{"line":54,"column":79}},"24":{"start":{"line":56,"column":2},"end":{"line":58,"column":3}},"25":{"start":{"line":57,"column":4},"end":{"line":57,"column":80}},"26":{"start":{"line":59,"column":2},"end":{"line":61,"column":3}},"27":{"start":{"line":60,"column":4},"end":{"line":60,"column":76}},"28":{"start":{"line":62,"column":2},"end":{"line":65,"column":4}},"29":{"start":{"line":69,"column":16},"end":{"line":69,"column":38}},"30":{"start":{"line":70,"column":2},"end":{"line":70,"column":57}},"31":{"start":{"line":71,"column":2},"end":{"line":71,"column":63}},"32":{"start":{"line":72,"column":2},"end":{"line":72,"column":59}},"33":{"start":{"line":76,"column":17},"end":{"line":76,"column":58}},"34":{"start":{"line":77,"column":2},"end":{"line":79,"column":1}},"35":{"start":{"line":78,"column":0},"end":{"line":78,"column":7}},"36":{"start":{"line":81,"column":20},"end":{"line":81,"column":40}},"37":{"start":{"line":82,"column":2},"end":{"line":84,"column":80}},"38":{"start":{"line":84,"column":25},"end":{"line":84,"column":69}},"39":{"start":{"line":88,"column":17},"end":{"line":88,"column":62}},"40":{"start":{"line":89,"column":21},"end":{"line":89,"column":64}},"41":{"start":{"line":90,"column":25},"end":{"line":94,"column":10}},"42":{"start":{"line":92,"column":15},"end":{"line":92,"column":85}},"43":{"start":{"line":97,"column":4},"end":{"line":102,"column":30}},"44":{"start":{"line":104,"column":13},"end":{"line":104,"column":60}},"45":{"start":{"line":106,"column":2},"end":{"line":108,"column":3}},"46":{"start":{"line":107,"column":4},"end":{"line":107,"column":66}},"47":{"start":{"line":107,"column":30},"end":{"line":107,"column":64}},"48":{"start":{"line":110,"column":17},"end":{"line":110,"column":38}},"49":{"start":{"line":112,"column":2},"end":{"line":112,"column":96}},"50":{"start":{"line":116,"column":19},"end":{"line":116,"column":70}},"51":{"start":{"line":116,"column":46},"end":{"line":116,"column":69}},"52":{"start":{"line":117,"column":2},"end":{"line":119,"column":1}},"53":{"start":{"line":118,"column":0},"end":{"line":118,"column":22}},"54":{"start":{"line":121,"column":23},"end":{"line":121,"column":62}},"55":{"start":{"line":122,"column":2},"end":{"line":124,"column":1}},"56":{"start":{"line":123,"column":0},"end":{"line":123,"column":19}},"57":{"start":{"line":125,"column":2},"end":{"line":127,"column":1}},"58":{"start":{"line":126,"column":0},"end":{"line":126,"column":29}},"59":{"start":{"line":128,"column":2},"end":{"line":128,"column":22}},"60":{"start":{"line":132,"column":2},"end":{"line":132,"column":41}}},"fnMap":{"0":{"name":"formatCurrency","decl":{"start":{"line":2,"column":9},"end":{"line":2,"column":23}},"loc":{"start":{"line":2,"column":32},"end":{"line":4,"column":1}},"line":2},"1":{"name":"formatDate","decl":{"start":{"line":6,"column":9},"end":{"line":6,"column":19}},"loc":{"start":{"line":6,"column":29},"end":{"line":9,"column":1}},"line":6},"2":{"name":"showToast","decl":{"start":{"line":11,"column":9},"end":{"line":11,"column":18}},"loc":{"start":{"line":11,"column":53},"end":{"line":33,"column":1}},"line":11},"3":{"name":"(anonymous_3)","decl":{"start":{"line":29,"column":13},"end":{"line":29,"column":14}},"loc":{"start":{"line":29,"column":19},"end":{"line":32,"column":3}},"line":29},"4":{"name":"(anonymous_4)","decl":{"start":{"line":31,"column":15},"end":{"line":31,"column":16}},"loc":{"start":{"line":31,"column":21},"end":{"line":31,"column":35}},"line":31},"5":{"name":"getQuarterStartDate","decl":{"start":{"line":36,"column":9},"end":{"line":36,"column":28}},"loc":{"start":{"line":36,"column":48},"end":{"line":39,"column":1}},"line":36},"6":{"name":"getReportRange","decl":{"start":{"line":41,"column":9},"end":{"line":41,"column":23}},"loc":{"start":{"line":41,"column":32},"end":{"line":66,"column":1}},"line":41},"7":{"name":"setReportPeriod","decl":{"start":{"line":68,"column":9},"end":{"line":68,"column":24}},"loc":{"start":{"line":68,"column":33},"end":{"line":73,"column":1}},"line":68},"8":{"name":"populateReportCustomers","decl":{"start":{"line":75,"column":9},"end":{"line":75,"column":32}},"loc":{"start":{"line":75,"column":35},"end":{"line":85,"column":1}},"line":75},"9":{"name":"(anonymous_9)","decl":{"start":{"line":84,"column":18},"end":{"line":84,"column":19}},"loc":{"start":{"line":84,"column":25},"end":{"line":84,"column":69}},"line":84},"10":{"name":"getFilteredReportGroups","decl":{"start":{"line":87,"column":9},"end":{"line":87,"column":32}},"loc":{"start":{"line":87,"column":35},"end":{"line":113,"column":1}},"line":87},"11":{"name":"(anonymous_11)","decl":{"start":{"line":92,"column":8},"end":{"line":92,"column":9}},"loc":{"start":{"line":92,"column":15},"end":{"line":92,"column":85}},"line":92},"12":{"name":"(anonymous_12)","decl":{"start":{"line":107,"column":23},"end":{"line":107,"column":24}},"loc":{"start":{"line":107,"column":30},"end":{"line":107,"column":64}},"line":107},"13":{"name":"getJobDcStatus","decl":{"start":{"line":115,"column":9},"end":{"line":115,"column":23}},"loc":{"start":{"line":115,"column":29},"end":{"line":129,"column":1}},"line":115},"14":{"name":"(anonymous_14)","decl":{"start":{"line":116,"column":39},"end":{"line":116,"column":40}},"loc":{"start":{"line":116,"column":46},"end":{"line":116,"column":69}},"line":116},"15":{"name":"customerNeedsDc","decl":{"start":{"line":131,"column":9},"end":{"line":131,"column":24}},"loc":{"start":{"line":131,"column":35},"end":{"line":133,"column":1}},"line":131}},"branchMap":{"0":{"loc":{"start":{"line":11,"column":35},"end":{"line":11,"column":51}},"type":"default-arg","locations":[{"start":{"line":11,"column":42},"end":{"line":11,"column":51}}],"line":11},"1":{"loc":{"start":{"line":16,"column":70},"end":{"line":16,"column":134}},"type":"cond-expr","locations":[{"start":{"line":16,"column":91},"end":{"line":16,"column":112}},{"start":{"line":16,"column":115},"end":{"line":16,"column":134}}],"line":16},"2":{"loc":{"start":{"line":18,"column":8},"end":{"line":20,"column":88}},"type":"cond-expr","locations":[{"start":{"line":19,"column":12},"end":{"line":19,"column":102}},{"start":{"line":20,"column":12},"end":{"line":20,"column":88}}],"line":18},"3":{"loc":{"start":{"line":36,"column":29},"end":{"line":36,"column":46}},"type":"default-arg","locations":[{"start":{"line":36,"column":36},"end":{"line":36,"column":46}}],"line":36},"4":{"loc":{"start":{"line":43,"column":2},"end":{"line":46,"column":3}},"type":"if","locations":[{"start":{"line":43,"column":2},"end":{"line":46,"column":3}},{"start":{},"end":{}}],"line":43},"5":{"loc":{"start":{"line":47,"column":2},"end":{"line":49,"column":3}},"type":"if","locations":[{"start":{"line":47,"column":2},"end":{"line":49,"column":3}},{"start":{},"end":{}}],"line":47},"6":{"loc":{"start":{"line":50,"column":2},"end":{"line":52,"column":3}},"type":"if","locations":[{"start":{"line":50,"column":2},"end":{"line":52,"column":3}},{"start":{},"end":{}}],"line":50},"7":{"loc":{"start":{"line":53,"column":2},"end":{"line":55,"column":3}},"type":"if","locations":[{"start":{"line":53,"column":2},"end":{"line":55,"column":3}},{"start":{},"end":{}}],"line":53},"8":{"loc":{"start":{"line":56,"column":2},"end":{"line":58,"column":3}},"type":"if","locations":[{"start":{"line":56,"column":2},"end":{"line":58,"column":3}},{"start":{},"end":{}}],"line":56},"9":{"loc":{"start":{"line":59,"column":2},"end":{"line":61,"column":3}},"type":"if","locations":[{"start":{"line":59,"column":2},"end":{"line":61,"column":3}},{"start":{},"end":{}}],"line":59},"10":{"loc":{"start":{"line":77,"column":2},"end":{"line":79,"column":1}},"type":"if","locations":[{"start":{"line":77,"column":2},"end":{"line":79,"column":1}},{"start":{},"end":{}}],"line":77},"11":{"loc":{"start":{"line":90,"column":25},"end":{"line":94,"column":10}},"type":"cond-expr","locations":[{"start":{"line":91,"column":6},"end":{"line":93,"column":7}},{"start":{"line":94,"column":6},"end":{"line":94,"column":10}}],"line":90},"12":{"loc":{"start":{"line":97,"column":4},"end":{"line":102,"column":30}},"type":"cond-expr","locations":[{"start":{"line":98,"column":8},"end":{"line":101,"column":9}},{"start":{"line":102,"column":8},"end":{"line":102,"column":30}}],"line":97},"13":{"loc":{"start":{"line":106,"column":2},"end":{"line":108,"column":3}},"type":"if","locations":[{"start":{"line":106,"column":2},"end":{"line":108,"column":3}},{"start":{},"end":{}}],"line":106},"14":{"loc":{"start":{"line":117,"column":2},"end":{"line":119,"column":1}},"type":"if","locations":[{"start":{"line":117,"column":2},"end":{"line":119,"column":1}},{"start":{},"end":{}}],"line":117},"15":{"loc":{"start":{"line":117,"column":6},"end":{"line":117,"column":39}},"type":"binary-expr","locations":[{"start":{"line":117,"column":6},"end":{"line":117,"column":15}},{"start":{"line":117,"column":19},"end":{"line":117,"column":39}}],"line":117},"16":{"loc":{"start":{"line":121,"column":23},"end":{"line":121,"column":62}},"type":"binary-expr","locations":[{"start":{"line":121,"column":23},"end":{"line":121,"column":31}},{"start":{"line":121,"column":35},"end":{"line":121,"column":48}},{"start":{"line":121,"column":52},"end":{"line":121,"column":62}}],"line":121},"17":{"loc":{"start":{"line":122,"column":2},"end":{"line":124,"column":1}},"type":"if","locations":[{"start":{"line":122,"column":2},"end":{"line":124,"column":1}},{"start":{},"end":{}}],"line":122},"18":{"loc":{"start":{"line":125,"column":2},"end":{"line":127,"column":1}},"type":"if","locations":[{"start":{"line":125,"column":2},"end":{"line":127,"column":1}},{"start":{},"end":{}}],"line":125},"19":{"loc":{"start":{"line":132,"column":9},"end":{"line":132,"column":40}},"type":"binary-expr","locations":[{"start":{"line":132,"column":9},"end":{"line":132,"column":17}},{"start":{"line":132,"column":21},"end":{"line":132,"column":40}}],"line":132}},"s":{"0":0,"1":0,"2":0,"3":0,"4":0,"5":0,"6":0,"7":0,"8":0,"9":0,"10":0,"11":0,"12":0,"13":0,"14":0,"15":0,"16":0,"17":0,"18":0,"19":0,"20":0,"21":0,"22":0,"23":0,"24":0,"25":0,"26":0,"27":0,"28":0,"29":0,"30":0,"31":0,"32":0,"33":0,"34":0,"35":0,"36":0,"37":0,"38":0,"39":0,"40":0,"41":0,"42":0,"43":0,"44":0,"45":0,"46":0,"47":0,"48":0,"49":0,"50":0,"51":0,"52":0,"53":0,"54":0,"55":0,"56":0,"57":0,"58":0,"59":0,"60":0},"f":{"0":0,"1":0,"2":0,"3":0,"4":0,"5":0,"6":0,"7":0,"8":0,"9":0,"10":0,"11":0,"12":0,"13":0,"14":0,"15":0},"b":{"0":[0],"1":[0,0],"2":[0,0],"3":[0],"4":[0,0],"5":[0,0],"6":[0,0],"7":[0,0],"8":[0,0],"9":[0,0],"10":[0,0],"11":[0,0],"12":[0,0],"13":[0,0],"14":[0,0],"15":[0,0],"16":[0,0,0],"17":[0,0],"18":[0,0],"19":[0,0]}}
,"C:\\Users\\senth\\Downloads\\SLW\\src\\js\\worktypes.js": {"path":"C:\\Users\\senth\\Downloads\\SLW\\src\\js\\worktypes.js","statementMap":{"0":{"start":{"line":2,"column":23},"end":{"line":2,"column":80}},"1":{"start":{"line":3,"column":20},"end":{"line":13,"column":6}},"2":{"start":{"line":4,"column":21},"end":{"line":4,"column":64}},"3":{"start":{"line":6,"column":6},"end":{"line":8,"column":1}},"4":{"start":{"line":7,"column":0},"end":{"line":7,"column":10}},"5":{"start":{"line":9,"column":6},"end":{"line":11,"column":1}},"6":{"start":{"line":10,"column":0},"end":{"line":10,"column":9}},"7":{"start":{"line":12,"column":6},"end":{"line":12,"column":42}},"8":{"start":{"line":15,"column":16},"end":{"line":15,"column":60}},"9":{"start":{"line":17,"column":2},"end":{"line":38,"column":14}},"10":{"start":{"line":19,"column":25},"end":{"line":19,"column":46}},"11":{"start":{"line":20,"column":6},"end":{"line":36,"column":4}}},"fnMap":{"0":{"name":"refreshWorkTypeList","decl":{"start":{"line":1,"column":9},"end":{"line":1,"column":28}},"loc":{"start":{"line":1,"column":31},"end":{"line":39,"column":1}},"line":1},"1":{"name":"(anonymous_1)","decl":{"start":{"line":4,"column":12},"end":{"line":4,"column":13}},"loc":{"start":{"line":4,"column":21},"end":{"line":4,"column":64}},"line":4},"2":{"name":"(anonymous_2)","decl":{"start":{"line":5,"column":10},"end":{"line":5,"column":11}},"loc":{"start":{"line":5,"column":20},"end":{"line":13,"column":5}},"line":5},"3":{"name":"(anonymous_3)","decl":{"start":{"line":18,"column":9},"end":{"line":18,"column":10}},"loc":{"start":{"line":18,"column":17},"end":{"line":37,"column":5}},"line":18}},"branchMap":{"0":{"loc":{"start":{"line":4,"column":21},"end":{"line":4,"column":64}},"type":"cond-expr","locations":[{"start":{"line":4,"column":36},"end":{"line":4,"column":40}},{"start":{"line":4,"column":43},"end":{"line":4,"column":64}}],"line":4},"1":{"loc":{"start":{"line":6,"column":6},"end":{"line":8,"column":1}},"type":"if","locations":[{"start":{"line":6,"column":6},"end":{"line":8,"column":1}},{"start":{},"end":{}}],"line":6},"2":{"loc":{"start":{"line":9,"column":6},"end":{"line":11,"column":1}},"type":"if","locations":[{"start":{"line":9,"column":6},"end":{"line":11,"column":1}},{"start":{},"end":{}}],"line":9},"3":{"loc":{"start":{"line":21,"column":17},"end":{"line":21,"column":55}},"type":"cond-expr","locations":[{"start":{"line":21,"column":30},"end":{"line":21,"column":50}},{"start":{"line":21,"column":53},"end":{"line":21,"column":55}}],"line":21},"4":{"loc":{"start":{"line":24,"column":12},"end":{"line":24,"column":90}},"type":"cond-expr","locations":[{"start":{"line":24,"column":27},"end":{"line":24,"column":84}},{"start":{"line":24,"column":87},"end":{"line":24,"column":90}}],"line":24},"5":{"loc":{"start":{"line":26,"column":12},"end":{"line":26,"column":122}},"type":"cond-expr","locations":[{"start":{"line":26,"column":25},"end":{"line":26,"column":72}},{"start":{"line":26,"column":75},"end":{"line":26,"column":122}}],"line":26},"6":{"loc":{"start":{"line":30,"column":67},"end":{"line":30,"column":128}},"type":"cond-expr","locations":[{"start":{"line":30,"column":80},"end":{"line":30,"column":103}},{"start":{"line":30,"column":106},"end":{"line":30,"column":128}}],"line":30},"7":{"loc":{"start":{"line":31,"column":14},"end":{"line":31,"column":47}},"type":"cond-expr","locations":[{"start":{"line":31,"column":27},"end":{"line":31,"column":36}},{"start":{"line":31,"column":39},"end":{"line":31,"column":47}}],"line":31}},"s":{"0":0,"1":0,"2":0,"3":0,"4":0,"5":0,"6":0,"7":0,"8":0,"9":0,"10":0,"11":0},"f":{"0":0,"1":0,"2":0,"3":0},"b":{"0":[0,0],"1":[0,0],"2":[0,0],"3":[0,0],"4":[0,0],"5":[0,0],"6":[0,0],"7":[0,0]}}
}
