TN:
SF:src\js\app.js
FN:2,(anonymous_0)
FN:13,(anonymous_1)
FN:14,(anonymous_2)
FN:23,(anonymous_3)
FN:28,(anonymous_4)
FN:34,(anonymous_5)
FN:39,(anonymous_6)
FN:50,getQuarterStartDate
FNF:8
FNH:0
FNDA:0,(anonymous_0)
FNDA:0,(anonymous_1)
FNDA:0,(anonymous_2)
FNDA:0,(anonymous_3)
FNDA:0,(anonymous_4)
FNDA:0,(anonymous_5)
FNDA:0,(anonymous_6)
FNDA:0,getQuarterStartDate
DA:2,0
DA:4,0
DA:7,0
DA:10,0
DA:13,0
DA:14,0
DA:15,0
DA:16,0
DA:17,0
DA:23,0
DA:24,0
DA:25,0
DA:28,0
DA:29,0
DA:30,0
DA:34,0
DA:35,0
DA:39,0
DA:40,0
DA:44,0
DA:45,0
DA:46,0
DA:47,0
DA:51,0
DA:52,0
LF:25
LH:0
BRDA:16,0,0,0
BRDA:16,0,1,0
BRDA:50,1,0,0
BRF:3
BRH:0
end_of_record
TN:
SF:src\js\customers.js
FN:2,refreshCustomerList
FN:4,(anonymous_1)
FN:8,(anonymous_2)
FNF:3
FNH:0
FNDA:0,refreshCustomerList
FNDA:0,(anonymous_1)
FNDA:0,(anonymous_2)
DA:3,0
DA:4,0
DA:5,0
DA:7,0
DA:9,0
DA:10,0
DA:11,0
DA:13,0
DA:35,0
LF:9
LH:0
BRDA:4,0,0,0
BRDA:4,0,1,0
BRDA:14,1,0,0
BRDA:14,1,1,0
BRDA:16,2,0,0
BRDA:16,2,1,0
BRDA:18,3,0,0
BRDA:18,3,1,0
BRDA:19,4,0,0
BRDA:19,4,1,0
BRDA:20,5,0,0
BRDA:20,5,1,0
BRDA:21,6,0,0
BRDA:21,6,1,0
BRDA:21,7,0,0
BRDA:21,7,1,0
BRDA:25,8,0,0
BRDA:25,8,1,0
BRDA:26,9,0,0
BRDA:26,9,1,0
BRF:20
BRH:0
end_of_record
TN:
SF:src\js\dashboard.js
FN:2,calculateCustomerBalance
FN:3,(anonymous_1)
FN:4,(anonymous_2)
FN:6,(anonymous_3)
FN:7,(anonymous_4)
FN:8,(anonymous_5)
FN:13,calculateMonthlyBalances
FN:14,(anonymous_7)
FN:15,(anonymous_8)
FN:20,(anonymous_9)
FN:39,(anonymous_10)
FN:57,(anonymous_11)
FN:62,(anonymous_12)
FN:65,refreshDashboard
FN:74,summarizePeriod
FN:78,(anonymous_15)
FN:88,(anonymous_16)
FN:116,updateTypeBalanceSummary
FN:127,(anonymous_18)
FN:128,(anonymous_19)
FN:129,(anonymous_20)
FN:130,(anonymous_21)
FN:131,(anonymous_22)
FN:133,(anonymous_23)
FN:134,(anonymous_24)
FN:135,(anonymous_25)
FN:136,(anonymous_26)
FN:150,refreshCustomerBalances
FN:155,(anonymous_28)
FN:156,(anonymous_29)
FN:157,(anonymous_30)
FN:158,(anonymous_31)
FN:159,(anonymous_32)
FN:161,(anonymous_33)
FN:162,(anonymous_34)
FN:163,(anonymous_35)
FN:164,(anonymous_36)
FN:165,(anonymous_37)
FN:177,(anonymous_38)
FN:178,(anonymous_39)
FN:194,(anonymous_40)
FN:233,updatePendingBadge
FN:237,(anonymous_42)
FN:239,(anonymous_43)
FN:240,(anonymous_44)
FNF:45
FNH:0
FNDA:0,calculateCustomerBalance
FNDA:0,(anonymous_1)
FNDA:0,(anonymous_2)
FNDA:0,(anonymous_3)
FNDA:0,(anonymous_4)
FNDA:0,(anonymous_5)
FNDA:0,calculateMonthlyBalances
FNDA:0,(anonymous_7)
FNDA:0,(anonymous_8)
FNDA:0,(anonymous_9)
FNDA:0,(anonymous_10)
FNDA:0,(anonymous_11)
FNDA:0,(anonymous_12)
FNDA:0,refreshDashboard
FNDA:0,summarizePeriod
FNDA:0,(anonymous_15)
FNDA:0,(anonymous_16)
FNDA:0,updateTypeBalanceSummary
FNDA:0,(anonymous_18)
FNDA:0,(anonymous_19)
FNDA:0,(anonymous_20)
FNDA:0,(anonymous_21)
FNDA:0,(anonymous_22)
FNDA:0,(anonymous_23)
FNDA:0,(anonymous_24)
FNDA:0,(anonymous_25)
FNDA:0,(anonymous_26)
FNDA:0,refreshCustomerBalances
FNDA:0,(anonymous_28)
FNDA:0,(anonymous_29)
FNDA:0,(anonymous_30)
FNDA:0,(anonymous_31)
FNDA:0,(anonymous_32)
FNDA:0,(anonymous_33)
FNDA:0,(anonymous_34)
FNDA:0,(anonymous_35)
FNDA:0,(anonymous_36)
FNDA:0,(anonymous_37)
FNDA:0,(anonymous_38)
FNDA:0,(anonymous_39)
FNDA:0,(anonymous_40)
FNDA:0,updatePendingBadge
FNDA:0,(anonymous_42)
FNDA:0,(anonymous_43)
FNDA:0,(anonymous_44)
DA:3,0
DA:4,0
DA:6,0
DA:7,0
DA:8,0
DA:10,0
DA:14,0
DA:15,0
DA:17,0
DA:20,0
DA:21,0
DA:22,0
DA:23,0
DA:33,0
DA:34,0
DA:35,0
DA:39,0
DA:40,0
DA:41,0
DA:42,0
DA:43,0
DA:44,0
DA:45,0
DA:46,0
DA:47,0
DA:48,0
DA:51,0
DA:52,0
DA:57,0
DA:58,0
DA:62,0
DA:66,0
DA:67,0
DA:68,0
DA:70,0
DA:71,0
DA:72,0
DA:75,0
DA:76,0
DA:77,0
DA:78,0
DA:79,0
DA:80,0
DA:81,0
DA:84,0
DA:85,0
DA:86,0
DA:87,0
DA:88,0
DA:89,0
DA:91,0
DA:92,0
DA:94,0
DA:95,0
DA:97,0
DA:98,0
DA:101,0
DA:102,0
DA:105,0
DA:106,0
DA:107,0
DA:108,0
DA:110,0
DA:113,0
DA:117,0
DA:127,0
DA:128,0
DA:129,0
DA:130,0
DA:131,0
DA:133,0
DA:134,0
DA:135,0
DA:136,0
DA:137,0
DA:139,0
DA:140,0
DA:141,0
DA:142,0
DA:144,0
DA:145,0
DA:151,0
DA:154,0
DA:155,0
DA:156,0
DA:158,0
DA:159,0
DA:161,0
DA:162,0
DA:163,0
DA:164,0
DA:165,0
DA:166,0
DA:168,0
DA:177,0
DA:178,0
DA:180,0
DA:182,0
DA:183,0
DA:190,0
DA:193,0
DA:195,0
DA:196,0
DA:197,0
DA:199,0
DA:200,0
DA:201,0
DA:202,0
DA:203,0
DA:204,0
DA:208,0
DA:210,0
DA:216,0
DA:234,0
DA:235,0
DA:237,0
DA:239,0
DA:240,0
DA:241,0
DA:243,0
LF:120
LH:0
BRDA:22,0,0,0
BRDA:22,0,1,0
BRDA:41,1,0,0
BRDA:41,1,1,0
BRDA:43,2,0,0
BRDA:43,2,1,0
BRDA:45,3,0,0
BRDA:45,3,1,0
BRDA:47,4,0,0
BRDA:47,4,1,0
BRDA:51,5,0,0
BRDA:51,5,1,0
BRDA:51,6,0,0
BRDA:51,6,1,0
BRDA:133,7,0,0
BRDA:133,7,1,0
BRDA:141,8,0,0
BRDA:141,8,1,0
BRDA:144,9,0,0
BRDA:144,9,1,0
BRDA:156,10,0,0
BRDA:156,10,1,0
BRDA:161,11,0,0
BRDA:161,11,1,0
BRDA:162,12,0,0
BRDA:162,12,1,0
BRDA:177,13,0,0
BRDA:177,13,1,0
BRDA:182,14,0,0
BRDA:182,14,1,0
BRDA:199,15,0,0
BRDA:199,15,1,0
BRDA:202,16,0,0
BRDA:202,16,1,0
BRDA:208,17,0,0
BRDA:208,17,1,0
BRDA:208,18,0,0
BRDA:208,18,1,0
BRDA:210,19,0,0
BRDA:210,19,1,0
BRDA:212,20,0,0
BRDA:212,20,1,0
BRDA:225,21,0,0
BRDA:225,21,1,0
BRF:44
BRH:0
end_of_record
TN:
SF:src\js\data.js
FN:12,getSystemTheme
FN:18,getSavedTheme
FN:26,applyTheme
FN:35,updateThemeToggle
FN:53,initTheme
FN:58,toggleTheme
FN:64,initializeData
FN:1160,getCustomers
FN:1164,getWorkTypes
FN:1168,getJobs
FN:1172,getPayments
FN:1176,saveJob
FN:1178,(anonymous_12)
FN:1185,savePayment
FN:1187,(anonymous_14)
FN:1194,getNextMasterId
FN:1195,(anonymous_16)
FN:1198,isMasterActive
FN:1202,getActiveCustomers
FN:1206,getActiveWorkTypes
FN:1210,getLocalDateString
FN:1217,getDateStart
FN:1221,getWeekStartDate
FN:1229,getMonthStartDate
FN:1233,getYearStartDate
FN:1237,getHalfYearStartDate
FN:1243,getMonthInputString
FN:1249,getJobWorkMode
FN:1253,getJobGroupKey
FN:1260,groupJobsByCard
FN:1263,(anonymous_30)
FN:1271,(anonymous_31)
FN:1273,(anonymous_32)
FN:1279,(anonymous_33)
FN:1280,(anonymous_34)
FN:1282,(anonymous_35)
FN:1285,(anonymous_36)
FN:1291,getJobWorkName
FN:1295,getJobPaymentStatus
FN:1302,getJobPaymentMode
FN:1306,getJobPaidAmount
FN:1322,getJobDateValue
FN:1326,isDateInRange
FN:1330,getJobNetValue
FN:1337,getJobSummary
FN:1338,(anonymous_45)
FN:1339,(anonymous_46)
FN:1340,(anonymous_47)
FN:1341,(anonymous_48)
FN:1355,getPaymentsInRange
FN:1356,(anonymous_50)
FN:1359,getJobsInRange
FN:1360,(anonymous_52)
FNF:53
FNH:0
FNDA:0,getSystemTheme
FNDA:0,getSavedTheme
FNDA:0,applyTheme
FNDA:0,updateThemeToggle
FNDA:0,initTheme
FNDA:0,toggleTheme
FNDA:0,initializeData
FNDA:0,getCustomers
FNDA:0,getWorkTypes
FNDA:0,getJobs
FNDA:0,getPayments
FNDA:0,saveJob
FNDA:0,(anonymous_12)
FNDA:0,savePayment
FNDA:0,(anonymous_14)
FNDA:0,getNextMasterId
FNDA:0,(anonymous_16)
FNDA:0,isMasterActive
FNDA:0,getActiveCustomers
FNDA:0,getActiveWorkTypes
FNDA:0,getLocalDateString
FNDA:0,getDateStart
FNDA:0,getWeekStartDate
FNDA:0,getMonthStartDate
FNDA:0,getYearStartDate
FNDA:0,getHalfYearStartDate
FNDA:0,getMonthInputString
FNDA:0,getJobWorkMode
FNDA:0,getJobGroupKey
FNDA:0,groupJobsByCard
FNDA:0,(anonymous_30)
FNDA:0,(anonymous_31)
FNDA:0,(anonymous_32)
FNDA:0,(anonymous_33)
FNDA:0,(anonymous_34)
FNDA:0,(anonymous_35)
FNDA:0,(anonymous_36)
FNDA:0,getJobWorkName
FNDA:0,getJobPaymentStatus
FNDA:0,getJobPaymentMode
FNDA:0,getJobPaidAmount
FNDA:0,getJobDateValue
FNDA:0,isDateInRange
FNDA:0,getJobNetValue
FNDA:0,getJobSummary
FNDA:0,(anonymous_45)
FNDA:0,(anonymous_46)
FNDA:0,(anonymous_47)
FNDA:0,(anonymous_48)
FNDA:0,getPaymentsInRange
FNDA:0,(anonymous_50)
FNDA:0,getJobsInRange
FNDA:0,(anonymous_52)
DA:2,0
DA:10,0
DA:13,0
DA:19,0
DA:20,0
DA:22,0
DA:27,0
DA:28,0
DA:29,0
DA:30,0
DA:31,0
DA:36,0
DA:37,0
DA:38,0
DA:39,0
DA:40,0
DA:42,0
DA:43,0
DA:44,0
DA:45,0
DA:46,0
DA:47,0
DA:54,0
DA:55,0
DA:59,0
DA:60,0
DA:66,0
DA:67,0
DA:623,0
DA:627,0
DA:628,0
DA:1141,0
DA:1145,0
DA:1146,0
DA:1148,0
DA:1149,0
DA:1150,0
DA:1154,0
DA:1155,0
DA:1161,0
DA:1165,0
DA:1169,0
DA:1173,0
DA:1177,0
DA:1178,0
DA:1179,0
DA:1180,0
DA:1181,0
DA:1182,0
DA:1186,0
DA:1187,0
DA:1188,0
DA:1189,0
DA:1190,0
DA:1191,0
DA:1195,0
DA:1199,0
DA:1203,0
DA:1207,0
DA:1211,0
DA:1212,0
DA:1213,0
DA:1214,0
DA:1218,0
DA:1222,0
DA:1223,0
DA:1224,0
DA:1225,0
DA:1226,0
DA:1230,0
DA:1234,0
DA:1238,0
DA:1239,0
DA:1240,0
DA:1244,0
DA:1245,0
DA:1246,0
DA:1250,0
DA:1254,0
DA:1255,0
DA:1257,0
DA:1261,0
DA:1263,0
DA:1264,0
DA:1265,0
DA:1266,0
DA:1268,0
DA:1271,0
DA:1272,0
DA:1273,0
DA:1275,0
DA:1279,0
DA:1280,0
DA:1282,0
DA:1285,0
DA:1292,0
DA:1296,0
DA:1297,0
DA:1299,0
DA:1303,0
DA:1307,0
DA:1308,0
DA:1311,0
DA:1313,0
DA:1316,0
DA:1319,0
DA:1323,0
DA:1327,0
DA:1331,0
DA:1332,0
DA:1334,0
DA:1338,0
DA:1339,0
DA:1340,0
DA:1341,0
DA:1342,0
DA:1343,0
DA:1345,0
DA:1356,0
DA:1360,0
LF:120
LH:0
BRDA:13,0,0,0
BRDA:13,0,1,0
BRDA:13,1,0,0
BRDA:13,1,1,0
BRDA:39,2,0,0
BRDA:39,2,1,0
BRDA:39,3,0,0
BRDA:39,3,1,0
BRDA:43,4,0,0
BRDA:43,4,1,0
BRDA:44,5,0,0
BRDA:44,5,1,0
BRDA:46,6,0,0
BRDA:46,6,1,0
BRDA:47,7,0,0
BRDA:47,7,1,0
BRDA:55,8,0,0
BRDA:55,8,1,0
BRDA:59,9,0,0
BRDA:59,9,1,0
BRDA:60,10,0,0
BRDA:60,10,1,0
BRDA:66,11,0,0
BRDA:66,11,1,0
BRDA:627,12,0,0
BRDA:627,12,1,0
BRDA:1145,13,0,0
BRDA:1145,13,1,0
BRDA:1148,14,0,0
BRDA:1148,14,1,0
BRDA:1154,15,0,0
BRDA:1154,15,1,0
BRDA:1161,16,0,0
BRDA:1161,16,1,0
BRDA:1165,17,0,0
BRDA:1165,17,1,0
BRDA:1169,18,0,0
BRDA:1169,18,1,0
BRDA:1173,19,0,0
BRDA:1173,19,1,0
BRDA:1178,20,0,0
BRDA:1178,20,1,0
BRDA:1187,21,0,0
BRDA:1187,21,1,0
BRDA:1195,22,0,0
BRDA:1195,22,1,0
BRDA:1195,23,0,0
BRDA:1195,23,1,0
BRDA:1199,24,0,0
BRDA:1199,24,1,0
BRDA:1210,25,0,0
BRDA:1221,26,0,0
BRDA:1224,27,0,0
BRDA:1224,27,1,0
BRDA:1229,28,0,0
BRDA:1233,29,0,0
BRDA:1237,30,0,0
BRDA:1239,31,0,0
BRDA:1239,31,1,0
BRDA:1243,32,0,0
BRDA:1250,33,0,0
BRDA:1250,33,1,0
BRDA:1250,34,0,0
BRDA:1250,34,1,0
BRDA:1254,35,0,0
BRDA:1254,35,1,0
BRDA:1265,36,0,0
BRDA:1265,36,1,0
BRDA:1273,37,0,0
BRDA:1273,37,1,0
BRDA:1273,38,0,0
BRDA:1273,38,1,0
BRDA:1279,39,0,0
BRDA:1279,39,1,0
BRDA:1282,40,0,0
BRDA:1282,40,1,0
BRDA:1285,41,0,0
BRDA:1285,41,1,0
BRDA:1292,42,0,0
BRDA:1292,42,1,0
BRDA:1292,42,2,0
BRDA:1296,43,0,0
BRDA:1296,43,1,0
BRDA:1299,44,0,0
BRDA:1299,44,1,0
BRDA:1303,45,0,0
BRDA:1303,45,1,0
BRDA:1307,46,0,0
BRDA:1307,46,1,0
BRDA:1311,47,0,0
BRDA:1311,47,1,0
BRDA:1311,48,0,0
BRDA:1311,48,1,0
BRDA:1313,49,0,0
BRDA:1313,49,1,0
BRDA:1315,50,0,0
BRDA:1315,50,1,0
BRDA:1315,51,0,0
BRDA:1315,51,1,0
BRDA:1323,52,0,0
BRDA:1323,52,1,0
BRDA:1327,53,0,0
BRDA:1327,53,1,0
BRDA:1327,53,2,0
BRDA:1327,53,3,0
BRDA:1331,54,0,0
BRDA:1331,54,1,0
BRDA:1334,55,0,0
BRDA:1334,55,1,0
BRDA:1334,56,0,0
BRDA:1334,56,1,0
BRDA:1338,57,0,0
BRDA:1338,57,1,0
BRDA:1339,58,0,0
BRDA:1339,58,1,0
BRF:115
BRH:0
end_of_record
TN:
SF:src\js\dropdowns.js
FN:2,setupSearchableDropdown
FN:5,(anonymous_1)
FN:7,resolveItems
FN:11,renderDropdown
FN:21,(anonymous_4)
FN:32,(anonymous_5)
FN:33,(anonymous_6)
FN:35,(anonymous_7)
FN:45,(anonymous_8)
FN:50,(anonymous_9)
FN:52,(anonymous_10)
FN:54,(anonymous_11)
FN:60,(anonymous_12)
FNF:13
FNH:0
FNDA:0,setupSearchableDropdown
FNDA:0,(anonymous_1)
FNDA:0,resolveItems
FNDA:0,renderDropdown
FNDA:0,(anonymous_4)
FNDA:0,(anonymous_5)
FNDA:0,(anonymous_6)
FNDA:0,(anonymous_7)
FNDA:0,(anonymous_8)
FNDA:0,(anonymous_9)
FNDA:0,(anonymous_10)
FNDA:0,(anonymous_11)
FNDA:0,(anonymous_12)
DA:3,0
DA:4,0
DA:5,0
DA:8,0
DA:12,0
DA:13,0
DA:15,0
DA:18,0
DA:19,0
DA:21,0
DA:22,0
DA:23,0
DA:24,0
DA:26,0
DA:29,0
DA:32,0
DA:33,0
DA:34,0
DA:35,0
DA:36,0
DA:37,0
DA:38,0
DA:39,0
DA:45,0
DA:46,0
DA:47,0
DA:50,0
DA:51,0
DA:52,0
DA:53,0
DA:54,0
DA:56,0
DA:57,0
DA:60,0
DA:61,0
DA:62,0
LF:36
LH:0
BRDA:5,0,0,0
BRDA:5,0,1,0
BRDA:8,1,0,0
BRDA:8,1,1,0
BRDA:12,2,0,0
BRDA:12,2,1,0
BRDA:22,3,0,0
BRDA:22,3,1,0
BRDA:22,4,0,0
BRDA:22,4,1,0
BRDA:36,5,0,0
BRDA:36,5,1,0
BRDA:61,6,0,0
BRDA:61,6,1,0
BRDA:61,7,0,0
BRDA:61,7,1,0
BRF:16
BRH:0
end_of_record
TN:
SF:src\js\history.js
FN:2,refreshJobHistory
FN:12,(anonymous_1)
FN:47,renderJobHistory
FN:55,(anonymous_3)
FN:58,(anonymous_4)
FN:61,(anonymous_5)
FN:64,(anonymous_6)
FN:81,(anonymous_7)
FNF:8
FNH:0
FNDA:0,refreshJobHistory
FNDA:0,(anonymous_1)
FNDA:0,renderJobHistory
FNDA:0,(anonymous_3)
FNDA:0,(anonymous_4)
FNDA:0,(anonymous_5)
FNDA:0,(anonymous_6)
FNDA:0,(anonymous_7)
DA:3,0
DA:4,0
DA:7,0
DA:8,0
DA:13,0
DA:18,0
DA:19,0
DA:20,0
DA:21,0
DA:23,0
DA:24,0
DA:25,0
DA:26,0
DA:28,0
DA:29,0
DA:33,0
DA:34,0
DA:35,0
DA:36,0
DA:37,0
DA:38,0
DA:40,0
DA:41,0
DA:44,0
DA:48,0
DA:49,0
DA:50,0
DA:52,0
DA:54,0
DA:55,0
DA:57,0
DA:58,0
DA:60,0
DA:61,0
DA:64,0
DA:66,0
DA:68,0
DA:69,0
DA:76,0
DA:79,0
DA:81,0
LF:41
LH:0
BRDA:13,0,0,0
BRDA:13,0,1,0
BRDA:23,1,0,0
BRDA:23,1,1,0
BRDA:23,2,0,0
BRDA:23,2,1,0
BRDA:37,3,0,0
BRDA:37,3,1,0
BRDA:40,4,0,0
BRDA:40,4,1,0
BRDA:54,5,0,0
BRDA:54,5,1,0
BRDA:57,6,0,0
BRDA:57,6,1,0
BRDA:60,7,0,0
BRDA:60,7,1,0
BRDA:68,8,0,0
BRDA:68,8,1,0
BRDA:92,9,0,0
BRDA:92,9,1,0
BRDA:96,10,0,0
BRDA:96,10,1,0
BRDA:97,11,0,0
BRDA:97,11,1,0
BRDA:98,12,0,0
BRDA:98,12,1,0
BRF:26
BRH:0
end_of_record
TN:
SF:src\js\jobs.js
FN:11,customerNeedsDc
FN:20,getJobGroupKey
FN:27,getJobCardJobs
FN:29,(anonymous_3)
FN:30,(anonymous_4)
FN:33,jobHasDcDetails
FN:39,getJobDcStatus
FN:49,updateDcApprovalRequirement
FN:70,setDcApprovalVisibility
FN:86,setDcFieldVisibility
FN:103,setJobFormEditState
FN:145,clearJobFormEditState
FN:149,saveJobCardJobs
FN:151,(anonymous_13)
FN:152,(anonymous_14)
FN:154,(anonymous_15)
FN:164,createJobLineMarkup
FN:219,addJobLine
FN:231,setupJobLine
FN:244,(anonymous_19)
FN:245,(anonymous_20)
FN:254,(anonymous_21)
FN:264,(anonymous_22)
FN:273,(anonymous_23)
FN:279,(anonymous_24)
FN:290,(anonymous_25)
FN:301,(anonymous_26)
FN:307,(anonymous_27)
FN:318,renumberJobLines
FN:320,(anonymous_29)
FN:335,updateJobLineSuggestion
FN:357,getJobLineData
FN:358,(anonymous_32)
FN:372,loadJobLinesFromRecords
FN:382,(anonymous_34)
FN:384,(anonymous_35)
FN:388,(anonymous_36)
FN:389,(anonymous_37)
FN:422,loadJobCardIntoForm
FN:430,(anonymous_39)
FN:450,(anonymous_40)
FN:474,editJobCard
FN:479,initJobEntry
FN:487,(anonymous_43)
FN:492,(anonymous_44)
FN:493,(anonymous_45)
FN:500,(anonymous_46)
FN:518,(anonymous_47)
FN:521,(anonymous_48)
FN:525,(anonymous_49)
FN:529,(anonymous_50)
FN:533,(anonymous_51)
FN:534,(anonymous_52)
FN:535,(anonymous_53)
FN:543,(anonymous_54)
FN:557,(anonymous_55)
FN:569,updateJobReview
FN:596,(anonymous_57)
FN:611,(anonymous_58)
FN:612,(anonymous_59)
FN:613,(anonymous_60)
FN:614,(anonymous_61)
FN:630,(anonymous_62)
FN:671,handleJobSubmit
FN:679,(anonymous_64)
FN:692,(anonymous_65)
FN:694,(anonymous_66)
FN:731,(anonymous_67)
FN:733,(anonymous_68)
FN:772,(anonymous_69)
FN:786,resetJobForm
FN:804,(anonymous_71)
FN:819,refreshTodaysJobs
FN:822,(anonymous_73)
FN:842,(anonymous_74)
FN:862,updateTodayStats
FN:864,(anonymous_76)
FN:868,(anonymous_77)
FNF:78
FNH:0
FNDA:0,customerNeedsDc
FNDA:0,getJobGroupKey
FNDA:0,getJobCardJobs
FNDA:0,(anonymous_3)
FNDA:0,(anonymous_4)
FNDA:0,jobHasDcDetails
FNDA:0,getJobDcStatus
FNDA:0,updateDcApprovalRequirement
FNDA:0,setDcApprovalVisibility
FNDA:0,setDcFieldVisibility
FNDA:0,setJobFormEditState
FNDA:0,clearJobFormEditState
FNDA:0,saveJobCardJobs
FNDA:0,(anonymous_13)
FNDA:0,(anonymous_14)
FNDA:0,(anonymous_15)
FNDA:0,createJobLineMarkup
FNDA:0,addJobLine
FNDA:0,setupJobLine
FNDA:0,(anonymous_19)
FNDA:0,(anonymous_20)
FNDA:0,(anonymous_21)
FNDA:0,(anonymous_22)
FNDA:0,(anonymous_23)
FNDA:0,(anonymous_24)
FNDA:0,(anonymous_25)
FNDA:0,(anonymous_26)
FNDA:0,(anonymous_27)
FNDA:0,renumberJobLines
FNDA:0,(anonymous_29)
FNDA:0,updateJobLineSuggestion
FNDA:0,getJobLineData
FNDA:0,(anonymous_32)
FNDA:0,loadJobLinesFromRecords
FNDA:0,(anonymous_34)
FNDA:0,(anonymous_35)
FNDA:0,(anonymous_36)
FNDA:0,(anonymous_37)
FNDA:0,loadJobCardIntoForm
FNDA:0,(anonymous_39)
FNDA:0,(anonymous_40)
FNDA:0,editJobCard
FNDA:0,initJobEntry
FNDA:0,(anonymous_43)
FNDA:0,(anonymous_44)
FNDA:0,(anonymous_45)
FNDA:0,(anonymous_46)
FNDA:0,(anonymous_47)
FNDA:0,(anonymous_48)
FNDA:0,(anonymous_49)
FNDA:0,(anonymous_50)
FNDA:0,(anonymous_51)
FNDA:0,(anonymous_52)
FNDA:0,(anonymous_53)
FNDA:0,(anonymous_54)
FNDA:0,(anonymous_55)
FNDA:0,updateJobReview
FNDA:0,(anonymous_57)
FNDA:0,(anonymous_58)
FNDA:0,(anonymous_59)
FNDA:0,(anonymous_60)
FNDA:0,(anonymous_61)
FNDA:0,(anonymous_62)
FNDA:0,handleJobSubmit
FNDA:0,(anonymous_64)
FNDA:0,(anonymous_65)
FNDA:0,(anonymous_66)
FNDA:0,(anonymous_67)
FNDA:0,(anonymous_68)
FNDA:0,(anonymous_69)
FNDA:0,resetJobForm
FNDA:0,(anonymous_71)
FNDA:0,refreshTodaysJobs
FNDA:0,(anonymous_73)
FNDA:0,(anonymous_74)
FNDA:0,updateTodayStats
FNDA:0,(anonymous_76)
FNDA:0,(anonymous_77)
DA:2,0
DA:3,0
DA:4,0
DA:5,0
DA:6,0
DA:7,0
DA:8,0
DA:9,0
DA:12,0
DA:21,0
DA:22,0
DA:24,0
DA:28,0
DA:29,0
DA:30,0
DA:34,0
DA:40,0
DA:41,0
DA:43,0
DA:44,0
DA:46,0
DA:50,0
DA:51,0
DA:52,0
DA:53,0
DA:55,0
DA:56,0
DA:59,0
DA:61,0
DA:63,0
DA:64,0
DA:66,0
DA:71,0
DA:72,0
DA:73,0
DA:74,0
DA:77,0
DA:78,0
DA:79,0
DA:80,0
DA:82,0
DA:87,0
DA:88,0
DA:89,0
DA:91,0
DA:92,0
DA:93,0
DA:94,0
DA:95,0
DA:96,0
DA:97,0
DA:98,0
DA:99,0
DA:104,0
DA:105,0
DA:107,0
DA:108,0
DA:109,0
DA:110,0
DA:112,0
DA:113,0
DA:116,0
DA:117,0
DA:120,0
DA:121,0
DA:126,0
DA:127,0
DA:146,0
DA:150,0
DA:151,0
DA:152,0
DA:153,0
DA:154,0
DA:160,0
DA:161,0
DA:165,0
DA:220,0
DA:221,0
DA:222,0
DA:223,0
DA:225,0
DA:226,0
DA:227,0
DA:228,0
DA:232,0
DA:233,0
DA:234,0
DA:235,0
DA:236,0
DA:237,0
DA:238,0
DA:239,0
DA:241,0
DA:245,0
DA:246,0
DA:247,0
DA:249,0
DA:250,0
DA:252,0
DA:255,0
DA:256,0
DA:258,0
DA:259,0
DA:260,0
DA:261,0
DA:262,0
DA:264,0
DA:273,0
DA:276,0
DA:277,0
DA:279,0
DA:280,0
DA:281,0
DA:283,0
DA:284,0
DA:285,0
DA:286,0
DA:287,0
DA:290,0
DA:291,0
DA:292,0
DA:294,0
DA:295,0
DA:296,0
DA:297,0
DA:298,0
DA:301,0
DA:302,0
DA:303,0
DA:304,0
DA:307,0
DA:308,0
DA:309,0
DA:310,0
DA:312,0
DA:313,0
DA:314,0
DA:319,0
DA:320,0
DA:321,0
DA:322,0
DA:323,0
DA:324,0
DA:326,0
DA:327,0
DA:329,0
DA:330,0
DA:336,0
DA:337,0
DA:338,0
DA:340,0
DA:341,0
DA:342,0
DA:343,0
DA:344,0
DA:345,0
DA:346,0
DA:348,0
DA:349,0
DA:350,0
DA:351,0
DA:353,0
DA:358,0
DA:359,0
DA:360,0
DA:373,0
DA:374,0
DA:375,0
DA:378,0
DA:379,0
DA:380,0
DA:382,0
DA:384,0
DA:385,0
DA:386,0
DA:388,0
DA:389,0
DA:390,0
DA:391,0
DA:393,0
DA:394,0
DA:395,0
DA:396,0
DA:398,0
DA:399,0
DA:403,0
DA:404,0
DA:405,0
DA:407,0
DA:408,0
DA:410,0
DA:411,0
DA:413,0
DA:414,0
DA:416,0
DA:419,0
DA:423,0
DA:424,0
DA:425,0
DA:426,0
DA:429,0
DA:430,0
DA:436,0
DA:437,0
DA:438,0
DA:440,0
DA:441,0
DA:444,0
DA:445,0
DA:447,0
DA:450,0
DA:451,0
DA:454,0
DA:455,0
DA:456,0
DA:457,0
DA:459,0
DA:460,0
DA:461,0
DA:462,0
DA:464,0
DA:465,0
DA:471,0
DA:475,0
DA:476,0
DA:480,0
DA:481,0
DA:482,0
DA:483,0
DA:484,0
DA:485,0
DA:487,0
DA:489,0
DA:492,0
DA:494,0
DA:495,0
DA:496,0
DA:497,0
DA:498,0
DA:501,0
DA:502,0
DA:504,0
DA:507,0
DA:518,0
DA:521,0
DA:522,0
DA:525,0
DA:526,0
DA:529,0
DA:530,0
DA:533,0
DA:534,0
DA:535,0
DA:536,0
DA:537,0
DA:538,0
DA:539,0
DA:543,0
DA:544,0
DA:545,0
DA:546,0
DA:547,0
DA:549,0
DA:550,0
DA:551,0
DA:556,0
DA:557,0
DA:558,0
DA:559,0
DA:562,0
DA:563,0
DA:564,0
DA:565,0
DA:566,0
DA:570,0
DA:571,0
DA:572,0
DA:575,0
DA:576,0
DA:577,0
DA:578,0
DA:579,0
DA:580,0
DA:581,0
DA:588,0
DA:596,0
DA:598,0
DA:603,0
DA:611,0
DA:612,0
DA:613,0
DA:614,0
DA:616,0
DA:618,0
DA:625,0
DA:627,0
DA:630,0
DA:642,0
DA:672,0
DA:674,0
DA:675,0
DA:676,0
DA:679,0
DA:680,0
DA:681,0
DA:682,0
DA:684,0
DA:686,0
DA:687,0
DA:688,0
DA:689,0
DA:692,0
DA:693,0
DA:694,0
DA:696,0
DA:703,0
DA:704,0
DA:705,0
DA:708,0
DA:709,0
DA:710,0
DA:711,0
DA:712,0
DA:713,0
DA:714,0
DA:715,0
DA:716,0
DA:719,0
DA:720,0
DA:721,0
DA:726,0
DA:727,0
DA:728,0
DA:729,0
DA:731,0
DA:733,0
DA:735,0
DA:740,0
DA:741,0
DA:771,0
DA:772,0
DA:773,0
DA:778,0
DA:779,0
DA:780,0
DA:781,0
DA:782,0
DA:783,0
DA:787,0
DA:788,0
DA:789,0
DA:790,0
DA:792,0
DA:793,0
DA:794,0
DA:795,0
DA:796,0
DA:797,0
DA:798,0
DA:799,0
DA:800,0
DA:801,0
DA:802,0
DA:803,0
DA:804,0
DA:805,0
DA:808,0
DA:809,0
DA:810,0
DA:811,0
DA:814,0
DA:815,0
DA:816,0
DA:820,0
DA:821,0
DA:822,0
DA:825,0
DA:827,0
DA:828,0
DA:837,0
DA:840,0
DA:842,0
DA:863,0
DA:864,0
DA:865,0
DA:867,0
DA:868,0
DA:870,0
DA:872,0
LF:389
LH:0
BRDA:13,0,0,0
BRDA:13,0,1,0
BRDA:13,0,2,0
BRDA:13,0,3,0
BRDA:21,1,0,0
BRDA:21,1,1,0
BRDA:30,2,0,0
BRDA:30,2,1,0
BRDA:30,3,0,0
BRDA:30,3,1,0
BRDA:35,4,0,0
BRDA:35,4,1,0
BRDA:35,4,2,0
BRDA:35,5,0,0
BRDA:35,5,1,0
BRDA:35,6,0,0
BRDA:35,6,1,0
BRDA:35,7,0,0
BRDA:35,7,1,0
BRDA:40,8,0,0
BRDA:40,8,1,0
BRDA:43,9,0,0
BRDA:43,9,1,0
BRDA:46,10,0,0
BRDA:46,10,1,0
BRDA:55,11,0,0
BRDA:55,11,1,0
BRDA:55,12,0,0
BRDA:55,12,1,0
BRDA:55,12,2,0
BRDA:55,12,3,0
BRDA:59,13,0,0
BRDA:59,13,1,0
BRDA:59,13,2,0
BRDA:61,14,0,0
BRDA:61,14,1,0
BRDA:63,15,0,0
BRDA:63,15,1,0
BRDA:63,16,0,0
BRDA:63,16,1,0
BRDA:73,17,0,0
BRDA:73,17,1,0
BRDA:73,18,0,0
BRDA:73,18,1,0
BRDA:77,19,0,0
BRDA:77,19,1,0
BRDA:78,20,0,0
BRDA:78,20,1,0
BRDA:88,21,0,0
BRDA:88,21,1,0
BRDA:92,22,0,0
BRDA:92,22,1,0
BRDA:97,23,0,0
BRDA:97,23,1,0
BRDA:103,24,0,0
BRDA:103,25,0,0
BRDA:103,26,0,0
BRDA:104,27,0,0
BRDA:104,27,1,0
BRDA:105,28,0,0
BRDA:105,28,1,0
BRDA:112,29,0,0
BRDA:112,29,1,0
BRDA:113,30,0,0
BRDA:113,30,1,0
BRDA:116,31,0,0
BRDA:116,31,1,0
BRDA:117,32,0,0
BRDA:117,32,1,0
BRDA:117,33,0,0
BRDA:117,33,1,0
BRDA:120,34,0,0
BRDA:120,34,1,0
BRDA:121,35,0,0
BRDA:121,35,1,0
BRDA:122,36,0,0
BRDA:122,36,1,0
BRDA:122,37,0,0
BRDA:122,37,1,0
BRDA:122,38,0,0
BRDA:122,38,1,0
BRDA:126,39,0,0
BRDA:126,39,1,0
BRDA:127,40,0,0
BRDA:127,40,1,0
BRDA:149,41,0,0
BRDA:151,42,0,0
BRDA:151,42,1,0
BRDA:152,43,0,0
BRDA:152,43,1,0
BRDA:222,44,0,0
BRDA:222,44,1,0
BRDA:246,45,0,0
BRDA:246,45,1,0
BRDA:249,46,0,0
BRDA:249,46,1,0
BRDA:255,47,0,0
BRDA:255,47,1,0
BRDA:270,48,0,0
BRDA:270,48,1,0
BRDA:273,49,0,0
BRDA:273,49,1,0
BRDA:280,50,0,0
BRDA:280,50,1,0
BRDA:284,51,0,0
BRDA:284,51,1,0
BRDA:291,52,0,0
BRDA:291,52,1,0
BRDA:295,53,0,0
BRDA:295,53,1,0
BRDA:309,54,0,0
BRDA:309,54,1,0
BRDA:323,55,0,0
BRDA:323,55,1,0
BRDA:326,56,0,0
BRDA:326,56,1,0
BRDA:329,57,0,0
BRDA:329,57,1,0
BRDA:337,58,0,0
BRDA:337,58,1,0
BRDA:341,59,0,0
BRDA:341,59,1,0
BRDA:344,60,0,0
BRDA:344,60,1,0
BRDA:344,61,0,0
BRDA:344,61,1,0
BRDA:349,62,0,0
BRDA:349,62,1,0
BRDA:363,63,0,0
BRDA:363,63,1,0
BRDA:364,64,0,0
BRDA:364,64,1,0
BRDA:365,65,0,0
BRDA:365,65,1,0
BRDA:367,66,0,0
BRDA:367,66,1,0
BRDA:374,67,0,0
BRDA:374,67,1,0
BRDA:378,68,0,0
BRDA:378,68,1,0
BRDA:388,69,0,0
BRDA:388,69,1,0
BRDA:393,70,0,0
BRDA:393,70,1,0
BRDA:393,71,0,0
BRDA:393,71,1,0
BRDA:395,72,0,0
BRDA:395,72,1,0
BRDA:398,73,0,0
BRDA:398,73,1,0
BRDA:407,74,0,0
BRDA:407,74,1,0
BRDA:408,75,0,0
BRDA:408,75,1,0
BRDA:410,76,0,0
BRDA:410,76,1,0
BRDA:411,77,0,0
BRDA:411,77,1,0
BRDA:413,78,0,0
BRDA:413,78,1,0
BRDA:414,79,0,0
BRDA:414,79,1,0
BRDA:424,80,0,0
BRDA:424,80,1,0
BRDA:430,81,0,0
BRDA:430,81,1,0
BRDA:437,82,0,0
BRDA:437,82,1,0
BRDA:437,82,2,0
BRDA:438,83,0,0
BRDA:438,83,1,0
BRDA:438,83,2,0
BRDA:440,84,0,0
BRDA:440,84,1,0
BRDA:446,85,0,0
BRDA:446,85,1,0
BRDA:448,86,0,0
BRDA:448,86,1,0
BRDA:458,87,0,0
BRDA:458,87,1,0
BRDA:458,87,2,0
BRDA:459,88,0,0
BRDA:459,88,1,0
BRDA:460,89,0,0
BRDA:460,89,1,0
BRDA:461,90,0,0
BRDA:461,90,1,0
BRDA:462,91,0,0
BRDA:462,91,1,0
BRDA:468,92,0,0
BRDA:468,92,1,0
BRDA:504,93,0,0
BRDA:504,93,1,0
BRDA:505,94,0,0
BRDA:505,94,1,0
BRDA:505,95,0,0
BRDA:505,95,1,0
BRDA:513,96,0,0
BRDA:513,96,1,0
BRDA:518,97,0,0
BRDA:518,97,1,0
BRDA:545,98,0,0
BRDA:545,98,1,0
BRDA:549,99,0,0
BRDA:549,99,1,0
BRDA:571,100,0,0
BRDA:571,100,1,0
BRDA:577,101,0,0
BRDA:577,101,1,0
BRDA:577,102,0,0
BRDA:577,102,1,0
BRDA:578,103,0,0
BRDA:578,103,1,0
BRDA:579,104,0,0
BRDA:579,104,1,0
BRDA:580,105,0,0
BRDA:580,105,1,0
BRDA:581,106,0,0
BRDA:581,106,1,0
BRDA:583,107,0,0
BRDA:583,107,1,0
BRDA:583,107,2,0
BRDA:588,108,0,0
BRDA:588,108,1,0
BRDA:589,109,0,0
BRDA:589,109,1,0
BRDA:591,110,0,0
BRDA:591,110,1,0
BRDA:598,111,0,0
BRDA:598,111,1,0
BRDA:599,112,0,0
BRDA:599,112,1,0
BRDA:605,113,0,0
BRDA:605,113,1,0
BRDA:616,114,0,0
BRDA:616,114,1,0
BRDA:616,115,0,0
BRDA:616,115,1,0
BRDA:618,116,0,0
BRDA:618,116,1,0
BRDA:620,117,0,0
BRDA:620,117,1,0
BRDA:622,118,0,0
BRDA:622,118,1,0
BRDA:627,119,0,0
BRDA:627,119,1,0
BRDA:644,120,0,0
BRDA:644,120,1,0
BRDA:645,121,0,0
BRDA:645,121,1,0
BRDA:660,122,0,0
BRDA:660,122,1,0
BRDA:661,123,0,0
BRDA:661,123,1,0
BRDA:662,124,0,0
BRDA:662,124,1,0
BRDA:662,125,0,0
BRDA:662,125,1,0
BRDA:662,125,2,0
BRDA:663,126,0,0
BRDA:663,126,1,0
BRDA:663,127,0,0
BRDA:663,127,1,0
BRDA:664,128,0,0
BRDA:664,128,1,0
BRDA:664,129,0,0
BRDA:664,129,1,0
BRDA:665,130,0,0
BRDA:665,130,1,0
BRDA:665,131,0,0
BRDA:665,131,1,0
BRDA:667,132,0,0
BRDA:667,132,1,0
BRDA:674,133,0,0
BRDA:674,133,1,0
BRDA:680,134,0,0
BRDA:680,134,1,0
BRDA:680,135,0,0
BRDA:680,135,1,0
BRDA:680,135,2,0
BRDA:687,136,0,0
BRDA:687,136,1,0
BRDA:693,137,0,0
BRDA:693,137,1,0
BRDA:697,138,0,0
BRDA:697,138,1,0
BRDA:697,138,2,0
BRDA:697,138,3,0
BRDA:697,138,4,0
BRDA:703,139,0,0
BRDA:703,139,1,0
BRDA:712,140,0,0
BRDA:712,140,1,0
BRDA:713,141,0,0
BRDA:713,141,1,0
BRDA:713,141,2,0
BRDA:714,142,0,0
BRDA:714,142,1,0
BRDA:714,143,0,0
BRDA:714,143,1,0
BRDA:714,143,2,0
BRDA:721,144,0,0
BRDA:721,144,1,0
BRDA:722,145,0,0
BRDA:722,145,1,0
BRDA:726,146,0,0
BRDA:726,146,1,0
BRDA:727,147,0,0
BRDA:727,147,1,0
BRDA:728,148,0,0
BRDA:728,148,1,0
BRDA:729,149,0,0
BRDA:729,149,1,0
BRDA:729,150,0,0
BRDA:729,150,1,0
BRDA:733,151,0,0
BRDA:733,151,1,0
BRDA:735,152,0,0
BRDA:735,152,1,0
BRDA:736,153,0,0
BRDA:736,153,1,0
BRDA:754,154,0,0
BRDA:754,154,1,0
BRDA:756,155,0,0
BRDA:756,155,1,0
BRDA:761,156,0,0
BRDA:761,156,1,0
BRDA:761,157,0,0
BRDA:761,157,1,0
BRDA:774,158,0,0
BRDA:774,158,1,0
BRDA:775,159,0,0
BRDA:775,159,1,0
BRDA:809,160,0,0
BRDA:809,160,1,0
BRDA:827,161,0,0
BRDA:827,161,1,0
BRDA:854,162,0,0
BRDA:854,162,1,0
BRDA:871,163,0,0
BRDA:871,163,1,0
BRF:341
BRH:0
end_of_record
TN:
SF:src\js\navigation.js
FN:13,switchScreen
FN:15,(anonymous_1)
FN:18,(anonymous_2)
FN:21,(anonymous_3)
FNF:4
FNH:0
FNDA:0,switchScreen
FNDA:0,(anonymous_1)
FNDA:0,(anonymous_2)
FNDA:0,(anonymous_3)
DA:2,0
DA:15,0
DA:16,0
DA:18,0
DA:19,0
DA:21,0
DA:22,0
DA:26,0
DA:29,0
DA:30,0
DA:33,0
DA:34,0
DA:36,0
DA:37,0
DA:39,0
DA:40,0
DA:42,0
DA:43,0
DA:45,0
DA:46,0
DA:48,0
DA:49,0
LF:22
LH:0
BRDA:26,0,0,0
BRDA:26,0,1,0
BRDA:33,1,0,0
BRDA:33,1,1,0
BRDA:36,2,0,0
BRDA:36,2,1,0
BRDA:39,3,0,0
BRDA:39,3,1,0
BRDA:42,4,0,0
BRDA:42,4,1,0
BRDA:45,5,0,0
BRDA:45,5,1,0
BRDA:48,6,0,0
BRDA:48,6,1,0
BRF:14
BRH:0
end_of_record
TN:
SF:src\js\payments.js
FN:4,updatePaymentCoverageFields
FN:11,(anonymous_1)
FN:21,(anonymous_2)
FN:30,updateMonthBalanceForPayment
FN:50,updateMonthBalanceDisplay
FN:81,(anonymous_5)
FN:98,(anonymous_6)
FN:104,initPaymentEntry
FN:122,(anonymous_8)
FN:122,(anonymous_9)
FN:123,(anonymous_10)
FN:141,(anonymous_11)
FN:157,(anonymous_12)
FN:161,(anonymous_13)
FN:162,(anonymous_14)
FN:163,(anonymous_15)
FN:176,(anonymous_16)
FN:183,(anonymous_17)
FN:196,handlePaymentSubmit
FN:205,(anonymous_19)
FN:259,(anonymous_20)
FN:262,(anonymous_21)
FN:269,(anonymous_22)
FN:270,(anonymous_23)
FN:301,resetPaymentForm
FN:314,(anonymous_25)
FNF:26
FNH:0
FNDA:0,updatePaymentCoverageFields
FNDA:0,(anonymous_1)
FNDA:0,(anonymous_2)
FNDA:0,updateMonthBalanceForPayment
FNDA:0,updateMonthBalanceDisplay
FNDA:0,(anonymous_5)
FNDA:0,(anonymous_6)
FNDA:0,initPaymentEntry
FNDA:0,(anonymous_8)
FNDA:0,(anonymous_9)
FNDA:0,(anonymous_10)
FNDA:0,(anonymous_11)
FNDA:0,(anonymous_12)
FNDA:0,(anonymous_13)
FNDA:0,(anonymous_14)
FNDA:0,(anonymous_15)
FNDA:0,(anonymous_16)
FNDA:0,(anonymous_17)
FNDA:0,handlePaymentSubmit
FNDA:0,(anonymous_19)
FNDA:0,(anonymous_20)
FNDA:0,(anonymous_21)
FNDA:0,(anonymous_22)
FNDA:0,(anonymous_23)
FNDA:0,resetPaymentForm
FNDA:0,(anonymous_25)
DA:2,0
DA:5,0
DA:6,0
DA:7,0
DA:8,0
DA:11,0
DA:12,0
DA:16,0
DA:17,0
DA:18,0
DA:19,0
DA:20,0
DA:21,0
DA:22,0
DA:25,0
DA:26,0
DA:31,0
DA:32,0
DA:33,0
DA:34,0
DA:36,0
DA:39,0
DA:40,0
DA:41,0
DA:42,0
DA:44,0
DA:45,0
DA:51,0
DA:52,0
DA:53,0
DA:56,0
DA:57,0
DA:58,0
DA:60,0
DA:61,0
DA:64,0
DA:65,0
DA:67,0
DA:68,0
DA:71,0
DA:72,0
DA:81,0
DA:94,0
DA:95,0
DA:96,0
DA:97,0
DA:98,0
DA:99,0
DA:105,0
DA:106,0
DA:107,0
DA:108,0
DA:109,0
DA:110,0
DA:111,0
DA:112,0
DA:113,0
DA:114,0
DA:115,0
DA:116,0
DA:117,0
DA:119,0
DA:122,0
DA:124,0
DA:125,0
DA:128,0
DA:129,0
DA:130,0
DA:131,0
DA:132,0
DA:133,0
DA:135,0
DA:139,0
DA:142,0
DA:144,0
DA:147,0
DA:157,0
DA:161,0
DA:162,0
DA:163,0
DA:164,0
DA:168,0
DA:169,0
DA:170,0
DA:174,0
DA:175,0
DA:176,0
DA:177,0
DA:181,0
DA:182,0
DA:183,0
DA:184,0
DA:190,0
DA:193,0
DA:197,0
DA:199,0
DA:200,0
DA:201,0
DA:204,0
DA:205,0
DA:207,0
DA:208,0
DA:209,0
DA:211,0
DA:213,0
DA:214,0
DA:215,0
DA:216,0
DA:219,0
DA:220,0
DA:221,0
DA:222,0
DA:223,0
DA:224,0
DA:226,0
DA:227,0
DA:228,0
DA:230,0
DA:231,0
DA:232,0
DA:234,0
DA:235,0
DA:236,0
DA:239,0
DA:253,0
DA:256,0
DA:257,0
DA:258,0
DA:259,0
DA:261,0
DA:262,0
DA:263,0
DA:264,0
DA:265,0
DA:267,0
DA:269,0
DA:270,0
DA:271,0
DA:272,0
DA:275,0
DA:279,0
DA:281,0
DA:286,0
DA:292,0
DA:293,0
DA:294,0
DA:295,0
DA:296,0
DA:297,0
DA:298,0
DA:302,0
DA:303,0
DA:304,0
DA:305,0
DA:306,0
DA:307,0
DA:308,0
DA:309,0
DA:310,0
DA:311,0
DA:312,0
DA:313,0
DA:314,0
DA:315,0
DA:316,0
LF:165
LH:0
BRDA:7,0,0,0
BRDA:7,0,1,0
BRDA:16,1,0,0
BRDA:16,1,1,0
BRDA:16,2,0,0
BRDA:16,2,1,0
BRDA:19,3,0,0
BRDA:19,3,1,0
BRDA:32,4,0,0
BRDA:32,4,1,0
BRDA:33,5,0,0
BRDA:33,5,1,0
BRDA:40,6,0,0
BRDA:40,6,1,0
BRDA:41,7,0,0
BRDA:41,7,1,0
BRDA:51,8,0,0
BRDA:51,8,1,0
BRDA:60,9,0,0
BRDA:60,9,1,0
BRDA:64,10,0,0
BRDA:64,10,1,0
BRDA:86,11,0,0
BRDA:86,11,1,0
BRDA:94,12,0,0
BRDA:94,12,1,0
BRDA:97,13,0,0
BRDA:97,13,1,0
BRDA:130,14,0,0
BRDA:130,14,1,0
BRDA:132,15,0,0
BRDA:132,15,1,0
BRDA:144,16,0,0
BRDA:144,16,1,0
BRDA:145,17,0,0
BRDA:145,17,1,0
BRDA:145,18,0,0
BRDA:145,18,1,0
BRDA:157,19,0,0
BRDA:157,19,1,0
BRDA:169,20,0,0
BRDA:169,20,1,0
BRDA:175,21,0,0
BRDA:175,21,1,0
BRDA:177,22,0,0
BRDA:177,22,1,0
BRDA:178,23,0,0
BRDA:178,23,1,0
BRDA:199,24,0,0
BRDA:199,24,1,0
BRDA:207,25,0,0
BRDA:207,25,1,0
BRDA:207,26,0,0
BRDA:207,26,1,0
BRDA:214,27,0,0
BRDA:214,27,1,0
BRDA:214,28,0,0
BRDA:214,28,1,0
BRDA:226,29,0,0
BRDA:226,29,1,0
BRDA:226,30,0,0
BRDA:226,30,1,0
BRDA:230,31,0,0
BRDA:230,31,1,0
BRDA:230,32,0,0
BRDA:230,32,1,0
BRDA:230,32,2,0
BRDA:234,33,0,0
BRDA:234,33,1,0
BRDA:234,34,0,0
BRDA:234,34,1,0
BRDA:244,35,0,0
BRDA:244,35,1,0
BRDA:246,36,0,0
BRDA:246,36,1,0
BRDA:247,37,0,0
BRDA:247,37,1,0
BRDA:248,38,0,0
BRDA:248,38,1,0
BRDA:249,39,0,0
BRDA:249,39,1,0
BRDA:250,40,0,0
BRDA:250,40,1,0
BRDA:257,41,0,0
BRDA:257,41,1,0
BRDA:257,42,0,0
BRDA:257,42,1,0
BRDA:257,42,2,0
BRDA:259,43,0,0
BRDA:259,43,1,0
BRDA:261,44,0,0
BRDA:261,44,1,0
BRDA:265,45,0,0
BRDA:265,45,1,0
BRDA:271,46,0,0
BRDA:271,46,1,0
BRDA:281,47,0,0
BRDA:281,47,1,0
BRDA:283,48,0,0
BRDA:283,48,1,0
BRDA:285,49,0,0
BRDA:285,49,1,0
BRF:102
BRH:0
end_of_record
TN:
SF:src\js\reports.js
FN:2,getReportRange
FN:29,setReportPeriod
FN:36,populateReportCustomers
FN:47,(anonymous_3)
FN:53,updateReportModeState
FN:63,getReportCustomer
FN:68,(anonymous_6)
FN:71,getFilteredReportGroups
FN:80,(anonymous_8)
FN:83,(anonymous_9)
FN:90,refreshJobReports
FN:99,(anonymous_11)
FN:100,(anonymous_12)
FN:101,(anonymous_13)
FN:102,(anonymous_14)
FN:103,(anonymous_15)
FN:158,(anonymous_16)
FN:160,(anonymous_17)
FN:164,(anonymous_18)
FN:187,(anonymous_19)
FN:215,(anonymous_20)
FN:216,(anonymous_21)
FN:223,(anonymous_22)
FN:232,exportJobReportsAsExcel
FN:243,(anonymous_24)
FN:250,(anonymous_25)
FN:259,(anonymous_26)
FN:259,(anonymous_27)
FN:275,exportJobReportsAsPdf
FN:277,(anonymous_29)
FN:280,shareJobReportsToWhatsApp
FN:287,(anonymous_31)
FN:288,(anonymous_32)
FN:300,clearAllJobCards
FN:318,refreshPaymentReport
FN:329,(anonymous_35)
FN:337,(anonymous_36)
FN:339,(anonymous_37)
FN:342,(anonymous_38)
FN:345,(anonymous_39)
FN:347,(anonymous_40)
FN:359,(anonymous_41)
FN:382,(anonymous_42)
FN:408,(anonymous_43)
FN:409,(anonymous_44)
FN:416,deletePayment
FN:422,(anonymous_46)
FN:430,refreshRecentPayments
FN:466,(anonymous_48)
FNF:49
FNH:0
FNDA:0,getReportRange
FNDA:0,setReportPeriod
FNDA:0,populateReportCustomers
FNDA:0,(anonymous_3)
FNDA:0,updateReportModeState
FNDA:0,getReportCustomer
FNDA:0,(anonymous_6)
FNDA:0,getFilteredReportGroups
FNDA:0,(anonymous_8)
FNDA:0,(anonymous_9)
FNDA:0,refreshJobReports
FNDA:0,(anonymous_11)
FNDA:0,(anonymous_12)
FNDA:0,(anonymous_13)
FNDA:0,(anonymous_14)
FNDA:0,(anonymous_15)
FNDA:0,(anonymous_16)
FNDA:0,(anonymous_17)
FNDA:0,(anonymous_18)
FNDA:0,(anonymous_19)
FNDA:0,(anonymous_20)
FNDA:0,(anonymous_21)
FNDA:0,(anonymous_22)
FNDA:0,exportJobReportsAsExcel
FNDA:0,(anonymous_24)
FNDA:0,(anonymous_25)
FNDA:0,(anonymous_26)
FNDA:0,(anonymous_27)
FNDA:0,exportJobReportsAsPdf
FNDA:0,(anonymous_29)
FNDA:0,shareJobReportsToWhatsApp
FNDA:0,(anonymous_31)
FNDA:0,(anonymous_32)
FNDA:0,clearAllJobCards
FNDA:0,refreshPaymentReport
FNDA:0,(anonymous_35)
FNDA:0,(anonymous_36)
FNDA:0,(anonymous_37)
FNDA:0,(anonymous_38)
FNDA:0,(anonymous_39)
FNDA:0,(anonymous_40)
FNDA:0,(anonymous_41)
FNDA:0,(anonymous_42)
FNDA:0,(anonymous_43)
FNDA:0,(anonymous_44)
FNDA:0,deletePayment
FNDA:0,(anonymous_46)
FNDA:0,refreshRecentPayments
FNDA:0,(anonymous_48)
DA:3,0
DA:4,0
DA:5,0
DA:6,0
DA:8,0
DA:9,0
DA:11,0
DA:12,0
DA:14,0
DA:15,0
DA:17,0
DA:18,0
DA:20,0
DA:21,0
DA:23,0
DA:30,0
DA:31,0
DA:32,0
DA:33,0
DA:37,0
DA:38,0
DA:39,0
DA:42,0
DA:43,0
DA:48,0
DA:54,0
DA:55,0
DA:56,0
DA:57,0
DA:59,0
DA:60,0
DA:64,0
DA:65,0
DA:66,0
DA:68,0
DA:72,0
DA:73,0
DA:74,0
DA:75,0
DA:76,0
DA:77,0
DA:78,0
DA:79,0
DA:80,0
DA:82,0
DA:83,0
DA:86,0
DA:87,0
DA:91,0
DA:92,0
DA:93,0
DA:94,0
DA:98,0
DA:99,0
DA:100,0
DA:101,0
DA:102,0
DA:103,0
DA:104,0
DA:106,0
DA:112,0
DA:140,0
DA:141,0
DA:146,0
DA:149,0
DA:150,0
DA:155,0
DA:158,0
DA:159,0
DA:161,0
DA:162,0
DA:163,0
DA:164,0
DA:166,0
DA:167,0
DA:169,0
DA:186,0
DA:189,0
DA:194,0
DA:196,0
DA:210,0
DA:215,0
DA:216,0
DA:217,0
DA:218,0
DA:219,0
DA:220,0
DA:221,0
DA:223,0
DA:224,0
DA:227,0
DA:234,0
DA:235,0
DA:236,0
DA:237,0
DA:239,0
DA:243,0
DA:244,0
DA:245,0
DA:250,0
DA:258,0
DA:259,0
DA:261,0
DA:262,0
DA:263,0
DA:264,0
DA:265,0
DA:268,0
DA:269,0
DA:270,0
DA:271,0
DA:272,0
DA:276,0
DA:277,0
DA:282,0
DA:283,0
DA:284,0
DA:285,0
DA:287,0
DA:288,0
DA:289,0
DA:297,0
DA:301,0
DA:304,0
DA:305,0
DA:308,0
DA:309,0
DA:310,0
DA:311,0
DA:312,0
DA:313,0
DA:314,0
DA:315,0
DA:319,0
DA:320,0
DA:321,0
DA:322,0
DA:323,0
DA:326,0
DA:327,0
DA:329,0
DA:332,0
DA:334,0
DA:335,0
DA:337,0
DA:338,0
DA:339,0
DA:342,0
DA:345,0
DA:346,0
DA:347,0
DA:348,0
DA:351,0
DA:359,0
DA:370,0
DA:371,0
DA:378,0
DA:381,0
DA:384,0
DA:392,0
DA:408,0
DA:409,0
DA:410,0
DA:411,0
DA:417,0
DA:418,0
DA:419,0
DA:422,0
DA:423,0
DA:424,0
DA:425,0
DA:426,0
DA:427,0
DA:431,0
DA:432,0
DA:433,0
DA:436,0
DA:438,0
DA:439,0
DA:449,0
DA:452,0
DA:468,0
DA:476,0
LF:183
LH:0
BRDA:4,0,0,0
BRDA:4,0,1,0
BRDA:8,1,0,0
BRDA:8,1,1,0
BRDA:11,2,0,0
BRDA:11,2,1,0
BRDA:14,3,0,0
BRDA:14,3,1,0
BRDA:17,4,0,0
BRDA:17,4,1,0
BRDA:20,5,0,0
BRDA:20,5,1,0
BRDA:38,6,0,0
BRDA:38,6,1,0
BRDA:48,7,0,0
BRDA:48,7,1,0
BRDA:56,8,0,0
BRDA:56,8,1,0
BRDA:60,9,0,0
BRDA:60,9,1,0
BRDA:65,10,0,0
BRDA:65,10,1,0
BRDA:68,11,0,0
BRDA:68,11,1,0
BRDA:78,12,0,0
BRDA:78,12,1,0
BRDA:79,13,0,0
BRDA:79,13,1,0
BRDA:82,14,0,0
BRDA:82,14,1,0
BRDA:82,15,0,0
BRDA:82,15,1,0
BRDA:93,16,0,0
BRDA:93,16,1,0
BRDA:93,17,0,0
BRDA:93,17,1,0
BRDA:106,18,0,0
BRDA:106,18,1,0
BRDA:107,19,0,0
BRDA:107,19,1,0
BRDA:121,20,0,0
BRDA:121,20,1,0
BRDA:140,21,0,0
BRDA:140,21,1,0
BRDA:140,22,0,0
BRDA:140,22,1,0
BRDA:149,23,0,0
BRDA:149,23,1,0
BRDA:164,24,0,0
BRDA:164,24,1,0
BRDA:164,24,2,0
BRDA:166,25,0,0
BRDA:166,25,1,0
BRDA:171,26,0,0
BRDA:171,26,1,0
BRDA:182,27,0,0
BRDA:182,27,1,0
BRDA:182,28,0,0
BRDA:182,28,1,0
BRDA:189,29,0,0
BRDA:189,29,1,0
BRDA:190,30,0,0
BRDA:190,30,1,0
BRDA:199,31,0,0
BRDA:199,31,1,0
BRDA:199,31,2,0
BRDA:224,32,0,0
BRDA:224,32,1,0
BRDA:227,33,0,0
BRDA:227,33,1,0
BRDA:235,34,0,0
BRDA:235,34,1,0
BRDA:235,35,0,0
BRDA:235,35,1,0
BRDA:246,36,0,0
BRDA:246,36,1,0
BRDA:250,37,0,0
BRDA:250,37,1,0
BRDA:250,37,2,0
BRDA:253,38,0,0
BRDA:253,38,1,0
BRDA:265,39,0,0
BRDA:265,39,1,0
BRDA:283,40,0,0
BRDA:283,40,1,0
BRDA:283,41,0,0
BRDA:283,41,1,0
BRDA:292,42,0,0
BRDA:292,42,1,0
BRDA:292,43,0,0
BRDA:292,43,1,0
BRDA:304,44,0,0
BRDA:304,44,1,0
BRDA:322,45,0,0
BRDA:322,45,1,0
BRDA:322,46,0,0
BRDA:322,46,1,0
BRDA:322,46,2,0
BRDA:332,47,0,0
BRDA:332,47,1,0
BRDA:334,48,0,0
BRDA:334,48,1,0
BRDA:337,49,0,0
BRDA:337,49,1,0
BRDA:338,50,0,0
BRDA:338,50,1,0
BRDA:348,51,0,0
BRDA:348,51,1,0
BRDA:370,52,0,0
BRDA:370,52,1,0
BRDA:384,53,0,0
BRDA:384,53,1,0
BRDA:386,54,0,0
BRDA:386,54,1,0
BRDA:388,55,0,0
BRDA:388,55,1,0
BRDA:399,56,0,0
BRDA:399,56,1,0
BRDA:418,57,0,0
BRDA:418,57,1,0
BRDA:432,58,0,0
BRDA:432,58,1,0
BRDA:438,59,0,0
BRDA:438,59,1,0
BRDA:468,60,0,0
BRDA:468,60,1,0
BRDA:470,61,0,0
BRDA:470,61,1,0
BRDA:472,62,0,0
BRDA:472,62,1,0
BRF:130
BRH:0
end_of_record
TN:
SF:src\js\utils.js
FN:2,formatCurrency
FN:6,formatDate
FN:11,showToast
FN:29,(anonymous_3)
FN:31,(anonymous_4)
FN:36,getQuarterStartDate
FN:41,getReportRange
FN:68,setReportPeriod
FN:75,populateReportCustomers
FN:84,(anonymous_9)
FN:87,getFilteredReportGroups
FN:92,(anonymous_11)
FN:107,(anonymous_12)
FN:115,getJobDcStatus
FN:116,(anonymous_14)
FN:131,customerNeedsDc
FNF:16
FNH:0
FNDA:0,formatCurrency
FNDA:0,formatDate
FNDA:0,showToast
FNDA:0,(anonymous_3)
FNDA:0,(anonymous_4)
FNDA:0,getQuarterStartDate
FNDA:0,getReportRange
FNDA:0,setReportPeriod
FNDA:0,populateReportCustomers
FNDA:0,(anonymous_9)
FNDA:0,getFilteredReportGroups
FNDA:0,(anonymous_11)
FNDA:0,(anonymous_12)
FNDA:0,getJobDcStatus
FNDA:0,(anonymous_14)
FNDA:0,customerNeedsDc
DA:3,0
DA:7,0
DA:8,0
DA:12,0
DA:13,0
DA:14,0
DA:15,0
DA:28,0
DA:29,0
DA:30,0
DA:31,0
DA:37,0
DA:38,0
DA:42,0
DA:43,0
DA:44,0
DA:45,0
DA:47,0
DA:48,0
DA:50,0
DA:51,0
DA:53,0
DA:54,0
DA:56,0
DA:57,0
DA:59,0
DA:60,0
DA:62,0
DA:69,0
DA:70,0
DA:71,0
DA:72,0
DA:76,0
DA:77,0
DA:78,0
DA:81,0
DA:82,0
DA:84,0
DA:88,0
DA:89,0
DA:90,0
DA:92,0
DA:97,0
DA:104,0
DA:106,0
DA:107,0
DA:110,0
DA:112,0
DA:116,0
DA:117,0
DA:118,0
DA:121,0
DA:122,0
DA:123,0
DA:125,0
DA:126,0
DA:128,0
DA:132,0
LF:58
LH:0
BRDA:11,0,0,0
BRDA:16,1,0,0
BRDA:16,1,1,0
BRDA:18,2,0,0
BRDA:18,2,1,0
BRDA:36,3,0,0
BRDA:43,4,0,0
BRDA:43,4,1,0
BRDA:47,5,0,0
BRDA:47,5,1,0
BRDA:50,6,0,0
BRDA:50,6,1,0
BRDA:53,7,0,0
BRDA:53,7,1,0
BRDA:56,8,0,0
BRDA:56,8,1,0
BRDA:59,9,0,0
BRDA:59,9,1,0
BRDA:77,10,0,0
BRDA:77,10,1,0
BRDA:90,11,0,0
BRDA:90,11,1,0
BRDA:97,12,0,0
BRDA:97,12,1,0
BRDA:106,13,0,0
BRDA:106,13,1,0
BRDA:117,14,0,0
BRDA:117,14,1,0
BRDA:117,15,0,0
BRDA:117,15,1,0
BRDA:121,16,0,0
BRDA:121,16,1,0
BRDA:121,16,2,0
BRDA:122,17,0,0
BRDA:122,17,1,0
BRDA:125,18,0,0
BRDA:125,18,1,0
BRDA:132,19,0,0
BRDA:132,19,1,0
BRF:39
BRH:0
end_of_record
TN:
SF:src\js\worktypes.js
FN:1,refreshWorkTypeList
FN:4,(anonymous_1)
FN:5,(anonymous_2)
FN:18,(anonymous_3)
FNF:4
FNH:0
FNDA:0,refreshWorkTypeList
FNDA:0,(anonymous_1)
FNDA:0,(anonymous_2)
FNDA:0,(anonymous_3)
DA:2,0
DA:3,0
DA:4,0
DA:6,0
DA:7,0
DA:9,0
DA:10,0
DA:12,0
DA:15,0
DA:17,0
DA:19,0
DA:20,0
LF:12
LH:0
BRDA:4,0,0,0
BRDA:4,0,1,0
BRDA:6,1,0,0
BRDA:6,1,1,0
BRDA:9,2,0,0
BRDA:9,2,1,0
BRDA:21,3,0,0
BRDA:21,3,1,0
BRDA:24,4,0,0
BRDA:24,4,1,0
BRDA:26,5,0,0
BRDA:26,5,1,0
BRDA:30,6,0,0
BRDA:30,6,1,0
BRDA:31,7,0,0
BRDA:31,7,1,0
BRF:16
BRH:0
end_of_record
